TN:
SF:/home/maxi/git/TallerServer/taller2server/modules/config.h
FN:25,_ZN6ConfigD2Ev
FN:25,_ZN6ConfigC2Ev
FNDA:0,_ZN6ConfigD2Ev
FNDA:1,_ZN6ConfigC2Ev
FNF:2
FNH:1
DA:25,1
LF:1
LH:1
end_of_record
SF:/home/maxi/git/TallerServer/taller2server/modules/database.h
FN:16,_ZN8DatabaseC2Ev
FNDA:1,_ZN8DatabaseC2Ev
FNF:1
FNH:1
DA:16,1
LF:1
LH:1
end_of_record
SF:/home/maxi/git/TallerServer/taller2server/modules/server.h
FN:8,_ZN6ServerC2Ev
FNDA:1,_ZN6ServerC2Ev
FNF:1
FNH:1
DA:8,1
LF:1
LH:1
end_of_record
SF:/home/maxi/git/TallerServer/taller2server/src/main.cpp
FN:9,main
FN:32,_Z41__static_initialization_and_destruction_0ii
FN:32,_GLOBAL__sub_I_main
FNDA:1,main
FNDA:1,_GLOBAL__sub_I_main
FNDA:1,_Z41__static_initialization_and_destruction_0ii
FNF:3
FNH:3
DA:9,1
DA:12,1
DA:13,1
DA:14,1
DA:15,0
DA:17,1
DA:18,0
DA:20,=====
DA:22,=====
DA:23,=====
DA:25,=====
DA:27,=====
DA:28,=====
DA:32,3
LF:14
LH:6
end_of_record
TN:
SF:/home/maxi/git/TallerServer/taller2server/libs/jsoncpp/json/json.h
FN:460,_ZN4Json12StaticStringC2EPKc
FN:464,_ZNK4Json12StaticString5c_strEv
FN:943,_ZN4Json12PathArgumentC2EOS0_
FN:943,_ZN4Json12PathArgumentC2ERKS0_
FN:943,_ZN4Json12PathArgumentD2Ev
FN:1238,_ZN4Json6Reader15StructuredErrorC2ERKS1_
FN:1238,_ZN4Json6Reader15StructuredErrorD2Ev
FN:1238,_ZN4Json6Reader15StructuredErrorC2Ev
FN:1238,_ZN4Json6Reader15StructuredErrorC2EOS1_
FN:1377,_ZN4Json6Reader9ErrorInfoC2ERKS1_
FN:1377,_ZN4Json6Reader9ErrorInfoD2Ev
FN:1377,_ZN4Json6Reader9ErrorInfoC2Ev
FN:1441,_ZN4Json10CharReaderC2Ev
FN:1443,_ZN4Json10CharReaderD0Ev
FN:1443,_ZN4Json10CharReaderD2Ev
FN:1465,_ZN4Json10CharReader7FactoryC2Ev
FN:1467,_ZN4Json10CharReader7FactoryD2Ev
FN:1467,_ZN4Json10CharReader7FactoryD0Ev
FN:1665,_ZN4Json12StreamWriter7FactoryC2Ev
FN:1746,_ZN4Json6WriterC2Ev
FN:1766,_ZN4Json10FastWriterD0Ev
FN:1766,_ZN4Json10FastWriterD2Ev
FN:1818,_ZN4Json12StyledWriterD0Ev
FN:1818,_ZN4Json12StyledWriterD2Ev
FNDA:0,_ZN4Json12StaticStringC2EPKc
FNDA:0,_ZNK4Json12StaticString5c_strEv
FNDA:0,_ZN4Json12PathArgumentC2EOS0_
FNDA:0,_ZN4Json12PathArgumentC2ERKS0_
FNDA:0,_ZN4Json12PathArgumentD2Ev
FNDA:0,_ZN4Json6Reader15StructuredErrorC2EOS1_
FNDA:0,_ZN4Json6Reader15StructuredErrorC2ERKS1_
FNDA:0,_ZN4Json6Reader15StructuredErrorD2Ev
FNDA:0,_ZN4Json6Reader15StructuredErrorC2Ev
FNDA:0,_ZN4Json6Reader9ErrorInfoC2ERKS1_
FNDA:0,_ZN4Json6Reader9ErrorInfoD2Ev
FNDA:0,_ZN4Json6Reader9ErrorInfoC2Ev
FNDA:0,_ZN4Json10CharReaderC2Ev
FNDA:0,_ZN4Json10CharReaderD0Ev
FNDA:0,_ZN4Json10CharReaderD2Ev
FNDA:0,_ZN4Json10CharReader7FactoryC2Ev
FNDA:0,_ZN4Json10CharReader7FactoryD0Ev
FNDA:0,_ZN4Json10CharReader7FactoryD2Ev
FNDA:1,_ZN4Json12StreamWriter7FactoryC2Ev
FNDA:0,_ZN4Json6WriterC2Ev
FNDA:0,_ZN4Json10FastWriterD0Ev
FNDA:0,_ZN4Json10FastWriterD2Ev
FNDA:0,_ZN4Json12StyledWriterD0Ev
FNDA:0,_ZN4Json12StyledWriterD2Ev
FNF:24
FNH:1
DA:460,0
DA:464,0
DA:943,0
DA:1238,0
DA:1377,0
DA:1441,0
DA:1443,0
DA:1465,0
DA:1467,0
DA:1665,1
DA:1746,0
DA:1766,0
DA:1818,0
LF:13
LH:1
end_of_record
SF:/home/maxi/git/TallerServer/taller2server/libs/jsoncpp/jsoncpp.cpp
FN:104,_ZN4JsonL15codePointToUTF8Ej
FN:133,_ZN4JsonL18isControlCharacterEc
FN:149,_ZN4JsonL12uintToStringEyRPc
FN:162,_ZN4JsonL16fixNumericLocaleEPcS0_
FN:231,_ZN4Json8FeaturesC2Ev
FN:235,_ZN4Json8Features3allEv
FN:237,_ZN4Json8Features10strictModeEv
FN:249,_ZN4JsonL15containsNewLineEPKcS1_
FN:259,_ZN4Json6ReaderC2Ev
FN:264,_ZN4Json6ReaderC2ERKNS_8FeaturesE
FN:270,_ZN4Json6Reader5parseERKSsRNS_5ValueEb
FN:277,_ZN4Json6Reader5parseERSiRNS_5ValueEb
FN:290,_ZN4Json6Reader5parseEPKcS2_RNS_5ValueEb
FN:332,_ZN4Json6Reader9readValueEv
FN:416,_ZN4Json6Reader17skipCommentTokensERNS0_5TokenE
FN:426,_ZN4Json6Reader9readTokenERNS0_5TokenE
FN:497,_ZN4Json6Reader10skipSpacesEv
FN:507,_ZN4Json6Reader5matchEPKci
FN:518,_ZN4Json6Reader11readCommentEv
FN:541,_ZN4JsonL12normalizeEOLEPKcS1_
FN:561,_ZN4Json6Reader10addCommentEPKcS2_NS_16CommentPlacementE
FN:572,_ZN4Json6Reader17readCStyleCommentEv
FN:581,_ZN4Json6Reader19readCppStyleCommentEv
FN:597,_ZN4Json6Reader10readNumberEv
FN:619,_ZN4Json6Reader10readStringEv
FN:631,_ZN4Json6Reader10readObjectERNS0_5TokenE
FN:687,_ZN4Json6Reader9readArrayERNS0_5TokenE
FN:725,_ZN4Json6Reader12decodeNumberERNS0_5TokenE
FN:735,_ZN4Json6Reader12decodeNumberERNS0_5TokenERNS_5ValueE
FN:775,_ZN4Json6Reader12decodeDoubleERNS0_5TokenE
FN:785,_ZN4Json6Reader12decodeDoubleERNS0_5TokenERNS_5ValueE
FN:821,_ZN4Json6Reader12decodeStringERNS0_5TokenE
FN:832,_ZN4Json6Reader12decodeStringERNS0_5TokenERSs
FN:885,_ZN4Json6Reader22decodeUnicodeCodePointERNS0_5TokenERPKcS4_Rj
FN:914,_ZN4Json6Reader27decodeUnicodeEscapeSequenceERNS0_5TokenERPKcS4_Rj
FN:943,_ZN4Json6Reader8addErrorERKSsRNS0_5TokenEPKc
FN:952,_ZN4Json6Reader16recoverFromErrorENS0_9TokenTypeE
FN:965,_ZN4Json6Reader18addErrorAndRecoverERKSsRNS0_5TokenENS0_9TokenTypeE
FN:972,_ZN4Json6Reader12currentValueEv
FN:974,_ZN4Json6Reader11getNextCharEv
FN:980,_ZNK4Json6Reader24getLocationLineAndColumnEPKcRiS3_
FN:1003,_ZNK4Json6Reader24getLocationLineAndColumnEPKc
FN:1020,_ZNK4Json6Reader24getFormatedErrorMessagesEv
FN:1024,_ZNK4Json6Reader25getFormattedErrorMessagesEv
FN:1040,_ZNK4Json6Reader19getStructuredErrorsEv
FN:1055,_ZN4Json6Reader9pushErrorERKNS_5ValueERKSs
FN:1072,_ZN4Json6Reader9pushErrorERKNS_5ValueERKSsS3_
FN:1090,_ZNK4Json6Reader4goodEv
FN:1112,_ZN4Json11OurFeaturesC2Ev
FN:1120,_ZN4Json11OurFeatures3allEv
FN:1126,_ZN4Json9OurReaderD2Ev
FN:1130,_ZN4Json9OurReader15StructuredErrorC2ERKS1_
FN:1130,_ZN4Json9OurReader15StructuredErrorC2Ev
FN:1130,_ZN4Json9OurReader15StructuredErrorC2EOS1_
FN:1130,_ZN4Json9OurReader15StructuredErrorD2Ev
FN:1175,_ZN4Json9OurReader9ErrorInfoC2Ev
FN:1175,_ZN4Json9OurReader9ErrorInfoD2Ev
FN:1175,_ZN4Json9OurReader9ErrorInfoC2ERKS1_
FN:1242,_ZN4Json9OurReaderC2ERKNS_11OurFeaturesE
FN:1247,_ZN4Json9OurReader5parseEPKcS2_RNS_5ValueEb
FN:1295,_ZN4Json9OurReader9readValueEv
FN:1374,_ZN4Json9OurReader17skipCommentTokensERNS0_5TokenE
FN:1384,_ZN4Json9OurReader9readTokenERNS0_5TokenE
FN:1461,_ZN4Json9OurReader10skipSpacesEv
FN:1471,_ZN4Json9OurReader5matchEPKci
FN:1482,_ZN4Json9OurReader11readCommentEv
FN:1506,_ZN4Json9OurReader10addCommentEPKcS2_NS_16CommentPlacementE
FN:1517,_ZN4Json9OurReader17readCStyleCommentEv
FN:1526,_ZN4Json9OurReader19readCppStyleCommentEv
FN:1542,_ZN4Json9OurReader10readNumberEv
FN:1563,_ZN4Json9OurReader10readStringEv
FN:1576,_ZN4Json9OurReader21readStringSingleQuoteEv
FN:1588,_ZN4Json9OurReader10readObjectERNS0_5TokenE
FN:1650,_ZN4Json9OurReader9readArrayERNS0_5TokenE
FN:1688,_ZN4Json9OurReader12decodeNumberERNS0_5TokenE
FN:1698,_ZN4Json9OurReader12decodeNumberERNS0_5TokenERNS_5ValueE
FN:1738,_ZN4Json9OurReader12decodeDoubleERNS0_5TokenE
FN:1748,_ZN4Json9OurReader12decodeDoubleERNS0_5TokenERNS_5ValueE
FN:1784,_ZN4Json9OurReader12decodeStringERNS0_5TokenE
FN:1795,_ZN4Json9OurReader12decodeStringERNS0_5TokenERSs
FN:1848,_ZN4Json9OurReader22decodeUnicodeCodePointERNS0_5TokenERPKcS4_Rj
FN:1877,_ZN4Json9OurReader27decodeUnicodeEscapeSequenceERNS0_5TokenERPKcS4_Rj
FN:1906,_ZN4Json9OurReader8addErrorERKSsRNS0_5TokenEPKc
FN:1915,_ZN4Json9OurReader16recoverFromErrorENS0_9TokenTypeE
FN:1928,_ZN4Json9OurReader18addErrorAndRecoverERKSsRNS0_5TokenENS0_9TokenTypeE
FN:1935,_ZN4Json9OurReader12currentValueEv
FN:1937,_ZN4Json9OurReader11getNextCharEv
FN:1943,_ZNK4Json9OurReader24getLocationLineAndColumnEPKcRiS3_
FN:1966,_ZNK4Json9OurReader24getLocationLineAndColumnEPKc
FN:1982,_ZNK4Json9OurReader25getFormattedErrorMessagesEv
FN:1998,_ZNK4Json9OurReader19getStructuredErrorsEv
FN:2013,_ZN4Json9OurReader9pushErrorERKNS_5ValueERKSs
FN:2030,_ZN4Json9OurReader9pushErrorERKNS_5ValueERKSsS3_
FN:2048,_ZNK4Json9OurReader4goodEv
FN:2053,_ZN4Json13OurCharReaderD0Ev
FN:2053,_ZN4Json13OurCharReaderD2Ev
FN:2057,_ZN4Json13OurCharReaderC2EbRKNS_11OurFeaturesE
FN:2063,_ZN4Json13OurCharReader5parseEPKcS2_PNS_5ValueEPSs
FN:2074,_ZN4Json17CharReaderBuilderC2Ev
FN:2078,_ZN4Json17CharReaderBuilderD2Ev
FN:2078,_ZN4Json17CharReaderBuilderD0Ev
FN:2080,_ZNK4Json17CharReaderBuilder13newCharReaderEv
FN:2094,_ZN4JsonL18getValidReaderKeysEPSt3setISsSt4lessISsESaISsEE
FN:2107,_ZNK4Json17CharReaderBuilder8validateEPNS_5ValueE
FN:2124,_ZN4Json17CharReaderBuilderixESs
FN:2129,_ZN4Json17CharReaderBuilder10strictModeEPNS_5ValueE
FN:2142,_ZN4Json17CharReaderBuilder11setDefaultsEPNS_5ValueE
FN:2160,_ZN4Json15parseFromStreamERKNS_10CharReader7FactoryERSiPNS_5ValueEPSs
FN:2174,_ZN4JsonrsERSiRNS_5ValueE
FN:2220,_ZN4Json17ValueIteratorBaseC2Ev
FN:2224,_ZN4Json17ValueIteratorBaseC2ERKSt17_Rb_tree_iteratorISt4pairIKNS_5Value8CZStringES3_EE
FN:2228,_ZNK4Json17ValueIteratorBase5derefEv
FN:2232,_ZN4Json17ValueIteratorBase9incrementEv
FN:2236,_ZN4Json17ValueIteratorBase9decrementEv
FN:2241,_ZNK4Json17ValueIteratorBase15computeDistanceERKS0_
FN:2268,_ZNK4Json17ValueIteratorBase7isEqualERKS0_
FN:2275,_ZN4Json17ValueIteratorBase4copyERKS0_
FN:2280,_ZNK4Json17ValueIteratorBase3keyEv
FN:2290,_ZNK4Json17ValueIteratorBase5indexEv
FN:2297,_ZNK4Json17ValueIteratorBase4nameEv
FN:2305,_ZNK4Json17ValueIteratorBase10memberNameEv
FN:2310,_ZNK4Json17ValueIteratorBase10memberNameEPPKc
FN:2328,_ZN4Json18ValueConstIteratorC2Ev
FN:2330,_ZN4Json18ValueConstIteratorC2ERKSt17_Rb_tree_iteratorISt4pairIKNS_5Value8CZStringES3_EE
FN:2334,_ZN4Json18ValueConstIteratoraSERKNS_17ValueIteratorBaseE
FN:2348,_ZN4Json13ValueIteratorC2Ev
FN:2350,_ZN4Json13ValueIteratorC2ERKSt17_Rb_tree_iteratorISt4pairIKNS_5Value8CZStringES3_EE
FN:2353,_ZN4Json13ValueIteratorC2ERKNS_18ValueConstIteratorE
FN:2356,_ZN4Json13ValueIteratorC2ERKS0_
FN:2359,_ZN4Json13ValueIteratoraSERKS0_
FN:2414,_Z41__static_initialization_and_destruction_0ii
FN:2435,_ZN4JsonL7InRangeIxxEEbdT_T0_
FN:2435,_ZN4JsonL7InRangeIijEEbdT_T0_
FN:2435,_ZN4JsonL7InRangeIiyEEbdT_T0_
FN:2435,_ZN4JsonL7InRangeIiiEEbdT_T0_
FN:2460,_ZN4JsonL20duplicateStringValueEPKcm
FN:2480,_ZN4JsonL29duplicateAndPrefixStringValueEPKcj
FN:2501,_ZN4JsonL20decodePrefixedStringEbPKcPjPS1_
FN:2515,_ZN4JsonL18releaseStringValueEPc
FN:2541,_ZN4Json12RuntimeErrorD2Ev
FN:2541,_ZN4Json12RuntimeErrorD0Ev
FN:2545,_ZN4Json10LogicErrorD2Ev
FN:2545,_ZN4Json10LogicErrorD0Ev
FN:2550,_ZN4Json9ExceptionC2ERKSs
FN:2553,_ZN4Json9ExceptionD2Ev
FN:2553,_ZN4Json9ExceptionD0Ev
FN:2555,_ZNK4Json9Exception4whatEv
FN:2559,_ZN4Json12RuntimeErrorC2ERKSs
FN:2562,_ZN4Json10LogicErrorC2ERKSs
FN:2565,_ZN4Json17throwRuntimeErrorERKSs
FN:2569,_ZN4Json15throwLogicErrorERKSs
FN:2582,_ZN4Json5Value11CommentInfoC2Ev
FN:2584,_ZN4Json5Value11CommentInfoD2Ev
FN:2589,_ZN4Json5Value11CommentInfo10setCommentEPKcm
FN:2613,_ZN4Json5Value8CZStringC2Ej
FN:2615,_ZN4Json5Value8CZStringC2EPKcjNS1_17DuplicationPolicyE
FN:2623,_ZN4Json5Value8CZStringC2ERKS1_
FN:2635,_ZN4Json5Value8CZStringD2Ev
FN:2640,_ZN4Json5Value8CZString4swapERS1_
FN:2645,_ZN4Json5Value8CZStringaSES1_
FN:2650,_ZNK4Json5Value8CZStringltERKS1_
FN:2663,_ZNK4Json5Value8CZStringeqERKS1_
FN:2674,_ZNK4Json5Value8CZString5indexEv
FN:2677,_ZNK4Json5Value8CZString4dataEv
FN:2678,_ZNK4Json5Value8CZString6lengthEv
FN:2679,_ZNK4Json5Value8CZString14isStaticStringEv
FN:2693,_ZN4Json5ValueC2ENS_9ValueTypeE
FN:2720,_ZN4Json5ValueC2Ei
FN:2725,_ZN4Json5ValueC2Ej
FN:2730,_ZN4Json5ValueC2Ex
FN:2734,_ZN4Json5ValueC2Ey
FN:2740,_ZN4Json5ValueC2Ed
FN:2745,_ZN4Json5ValueC2EPKc
FN:2750,_ZN4Json5ValueC2EPKcS2_
FN:2756,_ZN4Json5ValueC2ERKSs
FN:2762,_ZN4Json5ValueC2ERKNS_12StaticStringE
FN:2774,_ZN4Json5ValueC2Eb
FN:2779,_ZN4Json5ValueC2ERKS0_
FN:2823,_ZN4Json5ValueD2Ev
FN:2847,_ZN4Json5ValueaSES0_
FN:2852,_ZN4Json5Value11swapPayloadERS0_
FN:2862,_ZN4Json5Value4swapERS0_
FN:2869,_ZNK4Json5Value4typeEv
FN:2871,_ZNK4Json5Value7compareERKS0_
FN:2879,_ZNK4Json5ValueltERKS0_
FN:2925,_ZNK4Json5ValueleERKS0_
FN:2927,_ZNK4Json5ValuegeERKS0_
FN:2929,_ZNK4Json5ValuegtERKS0_
FN:2931,_ZNK4Json5ValueeqERKS0_
FN:2975,_ZNK4Json5ValueneERKS0_
FN:2977,_ZNK4Json5Value9asCStringEv
FN:2987,_ZNK4Json5Value9getStringEPPKcS3_
FN:2996,_ZNK4Json5Value8asStringEv
FN:3031,_ZNK4Json5Value5asIntEv
FN:3053,_ZNK4Json5Value6asUIntEv
FN:3077,_ZNK4Json5Value7asInt64Ev
FN:3098,_ZNK4Json5Value8asUInt64Ev
FN:3120,_ZNK4Json5Value12asLargestIntEv
FN:3128,_ZNK4Json5Value13asLargestUIntEv
FN:3136,_ZNK4Json5Value8asDoubleEv
FN:3158,_ZNK4Json5Value7asFloatEv
FN:3180,_ZNK4Json5Value6asBoolEv
FN:3198,_ZNK4Json5Value15isConvertibleToENS_9ValueTypeE
FN:3232,_ZNK4Json5Value4sizeEv
FN:3255,_ZNK4Json5Value5emptyEv
FN:3262,_ZNK4Json5ValuentEv
FN:3264,_ZN4Json5Value5clearEv
FN:3280,_ZN4Json5Value6resizeEj
FN:3298,_ZN4Json5ValueixEj
FN:3314,_ZN4Json5ValueixEi
FN:3321,_ZNK4Json5ValueixEj
FN:3334,_ZNK4Json5ValueixEi
FN:3341,_ZN4Json5Value9initBasicENS_9ValueTypeEb
FN:3352,_ZN4Json5Value16resolveReferenceEPKc
FN:3371,_ZN4Json5Value16resolveReferenceEPKcS2_
FN:3390,_ZNK4Json5Value3getEjRKS0_
FN:3395,_ZNK4Json5Value12isValidIndexEj
FN:3397,_ZNK4Json5Value4findEPKcS2_
FN:3408,_ZNK4Json5ValueixEPKc
FN:3414,_ZNK4Json5ValueixERKSs
FN:3421,_ZN4Json5ValueixEPKc
FN:3425,_ZN4Json5ValueixERKSs
FN:3429,_ZN4Json5ValueixERKNS_12StaticStringE
FN:3445,_ZN4Json5Value6appendERKS0_
FN:3447,_ZNK4Json5Value3getEPKcS2_RKS0_
FN:3452,_ZNK4Json5Value3getEPKcRKS0_
FN:3456,_ZNK4Json5Value3getERKSsRKS0_
FN:3462,_ZN4Json5Value12removeMemberEPKcS2_PS0_
FN:3475,_ZN4Json5Value12removeMemberEPKcPS0_
FN:3479,_ZN4Json5Value12removeMemberERKSsPS0_
FN:3483,_ZN4Json5Value12removeMemberEPKc
FN:3494,_ZN4Json5Value12removeMemberERKSs
FN:3499,_ZN4Json5Value11removeIndexEjPS0_
FN:3529,_ZNK4Json5Value8isMemberEPKcS2_
FN:3534,_ZNK4Json5Value8isMemberEPKc
FN:3538,_ZNK4Json5Value8isMemberERKSs
FN:3549,_ZNK4Json5Value14getMemberNamesEv
FN:3591,_ZN4JsonL10IsIntegralEd
FN:3596,_ZNK4Json5Value6isNullEv
FN:3598,_ZNK4Json5Value6isBoolEv
FN:3600,_ZNK4Json5Value5isIntEv
FN:3615,_ZNK4Json5Value6isUIntEv
FN:3630,_ZNK4Json5Value7isInt64Ev
FN:3650,_ZNK4Json5Value8isUInt64Ev
FN:3670,_ZNK4Json5Value10isIntegralEv
FN:3678,_ZNK4Json5Value8isDoubleEv
FN:3680,_ZNK4Json5Value9isNumericEv
FN:3682,_ZNK4Json5Value8isStringEv
FN:3684,_ZNK4Json5Value7isArrayEv
FN:3686,_ZNK4Json5Value8isObjectEv
FN:3688,_ZN4Json5Value10setCommentEPKcmNS_16CommentPlacementE
FN:3698,_ZN4Json5Value10setCommentEPKcNS_16CommentPlacementE
FN:3702,_ZN4Json5Value10setCommentERKSsNS_16CommentPlacementE
FN:3706,_ZNK4Json5Value10hasCommentENS_16CommentPlacementE
FN:3710,_ZNK4Json5Value10getCommentENS_16CommentPlacementE
FN:3716,_ZN4Json5Value14setOffsetStartEm
FN:3718,_ZN4Json5Value14setOffsetLimitEm
FN:3720,_ZNK4Json5Value14getOffsetStartEv
FN:3722,_ZNK4Json5Value14getOffsetLimitEv
FN:3724,_ZNK4Json5Value14toStyledStringEv
FN:3729,_ZNK4Json5Value5beginEv
FN:3742,_ZNK4Json5Value3endEv
FN:3755,_ZN4Json5Value5beginEv
FN:3768,_ZN4Json5Value3endEv
FN:3784,_ZN4Json12PathArgumentC2Ev
FN:3786,_ZN4Json12PathArgumentC2Ej
FN:3789,_ZN4Json12PathArgumentC2EPKc
FN:3792,_ZN4Json12PathArgumentC2ERKSs
FN:3798,_ZN4Json4PathC2ERKSsRKNS_12PathArgumentES5_S5_S5_S5_
FN:3813,_ZN4Json4Path8makePathERKSsRKSt6vectorIPKNS_12PathArgumentESaIS6_EE
FN:3844,_ZN4Json4Path12addPathInArgERKSsRKSt6vectorIPKNS_12PathArgumentESaIS6_EERN9__gnu_cxx17__normal_iteratorIPKS6_S8_EENS4_4KindE
FN:3857,_ZN4Json4Path11invalidPathERKSsi
FN:3861,_ZNK4Json4Path7resolveERKNS_5ValueE
FN:3884,_ZNK4Json4Path7resolveERKNS_5ValueES3_
FN:3903,_ZNK4Json4Path4makeERNS_5ValueE
FN:3985,_ZN4JsonL24containsControlCharacterEPKc
FN:3993,_ZN4JsonL25containsControlCharacter0EPKcj
FN:4003,_ZN4Json13valueToStringEx
FN:4016,_ZN4Json13valueToStringEy
FN:4026,_ZN4Json13valueToStringEi
FN:4030,_ZN4Json13valueToStringEj
FN:4036,_ZN4Json13valueToStringEd
FN:4073,_ZN4Json13valueToStringEb
FN:4075,_ZN4Json19valueToQuotedStringEPKc
FN:4138,_ZN4JsonL8strnpbrkEPKcS1_m
FN:4152,_ZN4JsonL20valueToQuotedStringNEPKcj
FN:4217,_ZN4Json6WriterD0Ev
FN:4217,_ZN4Json6WriterD2Ev
FN:4222,_ZN4Json10FastWriterC2Ev
FN:4226,_ZN4Json10FastWriter23enableYAMLCompatibilityEv
FN:4228,_ZN4Json10FastWriter20dropNullPlaceholdersEv
FN:4230,_ZN4Json10FastWriter18omitEndingLineFeedEv
FN:4232,_ZN4Json10FastWriter5writeERKNS_5ValueE
FN:4240,_ZN4Json10FastWriter10writeValueERKNS_5ValueE
FN:4297,_ZN4Json12StyledWriterC2Ev
FN:4300,_ZN4Json12StyledWriter5writeERKNS_5ValueE
FN:4311,_ZN4Json12StyledWriter10writeValueERKNS_5ValueE
FN:4370,_ZN4Json12StyledWriter15writeArrayValueERKNS_5ValueE
FN:4413,_ZN4Json12StyledWriter14isMultineArrayERKNS_5ValueE
FN:4441,_ZN4Json12StyledWriter9pushValueERKSs
FN:4448,_ZN4Json12StyledWriter11writeIndentEv
FN:4459,_ZN4Json12StyledWriter15writeWithIndentERKSs
FN:4464,_ZN4Json12StyledWriter6indentEv
FN:4466,_ZN4Json12StyledWriter8unindentEv
FN:4471,_ZN4Json12StyledWriter23writeCommentBeforeValueERKNS_5ValueE
FN:4491,_ZN4Json12StyledWriter32writeCommentAfterValueOnSameLineERKNS_5ValueE
FN:4502,_ZN4Json12StyledWriter18hasCommentForValueERKNS_5ValueE
FN:4511,_ZN4Json18StyledStreamWriterC2ESs
FN:4515,_ZN4Json18StyledStreamWriter5writeERSoRKNS_5ValueE
FN:4529,_ZN4Json18StyledStreamWriter10writeValueERKNS_5ValueE
FN:4588,_ZN4Json18StyledStreamWriter15writeArrayValueERKNS_5ValueE
FN:4633,_ZN4Json18StyledStreamWriter14isMultineArrayERKNS_5ValueE
FN:4661,_ZN4Json18StyledStreamWriter9pushValueERKSs
FN:4668,_ZN4Json18StyledStreamWriter11writeIndentEv
FN:4676,_ZN4Json18StyledStreamWriter15writeWithIndentERKSs
FN:4682,_ZN4Json18StyledStreamWriter6indentEv
FN:4684,_ZN4Json18StyledStreamWriter8unindentEv
FN:4689,_ZN4Json18StyledStreamWriter23writeCommentBeforeValueERKNS_5ValueE
FN:4707,_ZN4Json18StyledStreamWriter32writeCommentAfterValueOnSameLineERKNS_5ValueE
FN:4718,_ZN4Json18StyledStreamWriter18hasCommentForValueERKNS_5ValueE
FN:4737,_ZN4Json23BuiltStyledStreamWriterD0Ev
FN:4737,_ZN4Json23BuiltStyledStreamWriterD2Ev
FN:4772,_ZN4Json23BuiltStyledStreamWriterC2ERKSsNS_12CommentStyle4EnumES2_S2_S2_
FN:4788,_ZN4Json23BuiltStyledStreamWriter5writeERKNS_5ValueEPSo
FN:4803,_ZN4Json23BuiltStyledStreamWriter10writeValueERKNS_5ValueE
FN:4862,_ZN4Json23BuiltStyledStreamWriter15writeArrayValueERKNS_5ValueE
FN:4909,_ZN4Json23BuiltStyledStreamWriter14isMultineArrayERKNS_5ValueE
FN:4937,_ZN4Json23BuiltStyledStreamWriter9pushValueERKSs
FN:4944,_ZN4Json23BuiltStyledStreamWriter11writeIndentEv
FN:4956,_ZN4Json23BuiltStyledStreamWriter15writeWithIndentERKSs
FN:4962,_ZN4Json23BuiltStyledStreamWriter6indentEv
FN:4964,_ZN4Json23BuiltStyledStreamWriter8unindentEv
FN:4969,_ZN4Json23BuiltStyledStreamWriter23writeCommentBeforeValueERKNS_5ValueE
FN:4988,_ZN4Json23BuiltStyledStreamWriter32writeCommentAfterValueOnSameLineERKNS_5ValueE
FN:5000,_ZN4Json23BuiltStyledStreamWriter18hasCommentForValueERKNS_5ValueE
FN:5009,_ZN4Json12StreamWriterC2Ev
FN:5013,_ZN4Json12StreamWriterD0Ev
FN:5013,_ZN4Json12StreamWriterD2Ev
FN:5016,_ZN4Json12StreamWriter7FactoryD2Ev
FN:5016,_ZN4Json12StreamWriter7FactoryD0Ev
FN:5018,_ZN4Json19StreamWriterBuilderC2Ev
FN:5022,_ZN4Json19StreamWriterBuilderD0Ev
FN:5022,_ZN4Json19StreamWriterBuilderD2Ev
FN:5024,_ZNK4Json19StreamWriterBuilder15newStreamWriterEv
FN:5053,_ZN4JsonL18getValidWriterKeysEPSt3setISsSt4lessISsESaISsEE
FN:5061,_ZNK4Json19StreamWriterBuilder8validateEPNS_5ValueE
FN:5078,_ZN4Json19StreamWriterBuilderixESs
FN:5083,_ZN4Json19StreamWriterBuilder11setDefaultsEPNS_5ValueE
FN:5093,_ZN4Json11writeStringERKNS_12StreamWriter7FactoryERKNS_5ValueE
FN:5100,_ZN4JsonlsERSoRKNS_5ValueE
FN:5107,_GLOBAL__sub_I__ZN4Json8FeaturesC2Ev
FNDA:25,_ZN4JsonL15codePointToUTF8Ej
FNDA:103,_ZN4JsonL18isControlCharacterEc
FNDA:0,_ZN4JsonL12uintToStringEyRPc
FNDA:0,_ZN4JsonL16fixNumericLocaleEPcS0_
FNDA:54,_ZN4Json8FeaturesC2Ev
FNDA:54,_ZN4Json8Features3allEv
FNDA:0,_ZN4Json8Features10strictModeEv
FNDA:0,_ZN4JsonL15containsNewLineEPKcS1_
FNDA:54,_ZN4Json6ReaderC2Ev
FNDA:0,_ZN4Json6ReaderC2ERKNS_8FeaturesE
FNDA:54,_ZN4Json6Reader5parseERKSsRNS_5ValueEb
FNDA:0,_ZN4Json6Reader5parseERSiRNS_5ValueEb
FNDA:54,_ZN4Json6Reader5parseEPKcS2_RNS_5ValueEb
FNDA:212,_ZN4Json6Reader9readValueEv
FNDA:266,_ZN4Json6Reader17skipCommentTokensERNS0_5TokenE
FNDA:740,_ZN4Json6Reader9readTokenERNS0_5TokenE
FNDA:740,_ZN4Json6Reader10skipSpacesEv
FNDA:0,_ZN4Json6Reader5matchEPKci
FNDA:0,_ZN4Json6Reader11readCommentEv
FNDA:0,_ZN4JsonL12normalizeEOLEPKcS1_
FNDA:0,_ZN4Json6Reader10addCommentEPKcS2_NS_16CommentPlacementE
FNDA:0,_ZN4Json6Reader17readCStyleCommentEv
FNDA:0,_ZN4Json6Reader19readCppStyleCommentEv
FNDA:0,_ZN4Json6Reader10readNumberEv
FNDA:316,_ZN4Json6Reader10readStringEv
FNDA:54,_ZN4Json6Reader10readObjectERNS0_5TokenE
FNDA:0,_ZN4Json6Reader9readArrayERNS0_5TokenE
FNDA:0,_ZN4Json6Reader12decodeNumberERNS0_5TokenE
FNDA:0,_ZN4Json6Reader12decodeNumberERNS0_5TokenERNS_5ValueE
FNDA:0,_ZN4Json6Reader12decodeDoubleERNS0_5TokenE
FNDA:0,_ZN4Json6Reader12decodeDoubleERNS0_5TokenERNS_5ValueE
FNDA:158,_ZN4Json6Reader12decodeStringERNS0_5TokenE
FNDA:316,_ZN4Json6Reader12decodeStringERNS0_5TokenERSs
FNDA:25,_ZN4Json6Reader22decodeUnicodeCodePointERNS0_5TokenERPKcS4_Rj
FNDA:25,_ZN4Json6Reader27decodeUnicodeEscapeSequenceERNS0_5TokenERPKcS4_Rj
FNDA:0,_ZN4Json6Reader8addErrorERKSsRNS0_5TokenEPKc
FNDA:0,_ZN4Json6Reader16recoverFromErrorENS0_9TokenTypeE
FNDA:0,_ZN4Json6Reader18addErrorAndRecoverERKSsRNS0_5TokenENS0_9TokenTypeE
FNDA:1006,_ZN4Json6Reader12currentValueEv
FNDA:3375,_ZN4Json6Reader11getNextCharEv
FNDA:0,_ZNK4Json6Reader24getLocationLineAndColumnEPKcRiS3_
FNDA:0,_ZNK4Json6Reader24getLocationLineAndColumnEPKc
FNDA:0,_ZNK4Json6Reader24getFormatedErrorMessagesEv
FNDA:0,_ZNK4Json6Reader25getFormattedErrorMessagesEv
FNDA:0,_ZNK4Json6Reader19getStructuredErrorsEv
FNDA:0,_ZN4Json6Reader9pushErrorERKNS_5ValueERKSs
FNDA:0,_ZN4Json6Reader9pushErrorERKNS_5ValueERKSsS3_
FNDA:0,_ZNK4Json6Reader4goodEv
FNDA:0,_ZN4Json11OurFeaturesC2Ev
FNDA:0,_ZN4Json11OurFeatures3allEv
FNDA:0,_ZN4Json9OurReaderD2Ev
FNDA:0,_ZN4Json9OurReader15StructuredErrorC2EOS1_
FNDA:0,_ZN4Json9OurReader15StructuredErrorC2ERKS1_
FNDA:0,_ZN4Json9OurReader15StructuredErrorD2Ev
FNDA:0,_ZN4Json9OurReader15StructuredErrorC2Ev
FNDA:0,_ZN4Json9OurReader9ErrorInfoC2ERKS1_
FNDA:0,_ZN4Json9OurReader9ErrorInfoD2Ev
FNDA:0,_ZN4Json9OurReader9ErrorInfoC2Ev
FNDA:0,_ZN4Json9OurReaderC2ERKNS_11OurFeaturesE
FNDA:0,_ZN4Json9OurReader5parseEPKcS2_RNS_5ValueEb
FNDA:0,_ZN4Json9OurReader9readValueEv
FNDA:0,_ZN4Json9OurReader17skipCommentTokensERNS0_5TokenE
FNDA:0,_ZN4Json9OurReader9readTokenERNS0_5TokenE
FNDA:0,_ZN4Json9OurReader10skipSpacesEv
FNDA:0,_ZN4Json9OurReader5matchEPKci
FNDA:0,_ZN4Json9OurReader11readCommentEv
FNDA:0,_ZN4Json9OurReader10addCommentEPKcS2_NS_16CommentPlacementE
FNDA:0,_ZN4Json9OurReader17readCStyleCommentEv
FNDA:0,_ZN4Json9OurReader19readCppStyleCommentEv
FNDA:0,_ZN4Json9OurReader10readNumberEv
FNDA:0,_ZN4Json9OurReader10readStringEv
FNDA:0,_ZN4Json9OurReader21readStringSingleQuoteEv
FNDA:0,_ZN4Json9OurReader10readObjectERNS0_5TokenE
FNDA:0,_ZN4Json9OurReader9readArrayERNS0_5TokenE
FNDA:0,_ZN4Json9OurReader12decodeNumberERNS0_5TokenE
FNDA:0,_ZN4Json9OurReader12decodeNumberERNS0_5TokenERNS_5ValueE
FNDA:0,_ZN4Json9OurReader12decodeDoubleERNS0_5TokenE
FNDA:0,_ZN4Json9OurReader12decodeDoubleERNS0_5TokenERNS_5ValueE
FNDA:0,_ZN4Json9OurReader12decodeStringERNS0_5TokenE
FNDA:0,_ZN4Json9OurReader12decodeStringERNS0_5TokenERSs
FNDA:0,_ZN4Json9OurReader22decodeUnicodeCodePointERNS0_5TokenERPKcS4_Rj
FNDA:0,_ZN4Json9OurReader27decodeUnicodeEscapeSequenceERNS0_5TokenERPKcS4_Rj
FNDA:0,_ZN4Json9OurReader8addErrorERKSsRNS0_5TokenEPKc
FNDA:0,_ZN4Json9OurReader16recoverFromErrorENS0_9TokenTypeE
FNDA:0,_ZN4Json9OurReader18addErrorAndRecoverERKSsRNS0_5TokenENS0_9TokenTypeE
FNDA:0,_ZN4Json9OurReader12currentValueEv
FNDA:0,_ZN4Json9OurReader11getNextCharEv
FNDA:0,_ZNK4Json9OurReader24getLocationLineAndColumnEPKcRiS3_
FNDA:0,_ZNK4Json9OurReader24getLocationLineAndColumnEPKc
FNDA:0,_ZNK4Json9OurReader25getFormattedErrorMessagesEv
FNDA:0,_ZNK4Json9OurReader19getStructuredErrorsEv
FNDA:0,_ZN4Json9OurReader9pushErrorERKNS_5ValueERKSs
FNDA:0,_ZN4Json9OurReader9pushErrorERKNS_5ValueERKSsS3_
FNDA:0,_ZNK4Json9OurReader4goodEv
FNDA:0,_ZN4Json13OurCharReaderD0Ev
FNDA:0,_ZN4Json13OurCharReaderD2Ev
FNDA:0,_ZN4Json13OurCharReaderC2EbRKNS_11OurFeaturesE
FNDA:0,_ZN4Json13OurCharReader5parseEPKcS2_PNS_5ValueEPSs
FNDA:0,_ZN4Json17CharReaderBuilderC2Ev
FNDA:0,_ZN4Json17CharReaderBuilderD0Ev
FNDA:0,_ZN4Json17CharReaderBuilderD2Ev
FNDA:0,_ZNK4Json17CharReaderBuilder13newCharReaderEv
FNDA:0,_ZN4JsonL18getValidReaderKeysEPSt3setISsSt4lessISsESaISsEE
FNDA:0,_ZNK4Json17CharReaderBuilder8validateEPNS_5ValueE
FNDA:0,_ZN4Json17CharReaderBuilderixESs
FNDA:0,_ZN4Json17CharReaderBuilder10strictModeEPNS_5ValueE
FNDA:0,_ZN4Json17CharReaderBuilder11setDefaultsEPNS_5ValueE
FNDA:0,_ZN4Json15parseFromStreamERKNS_10CharReader7FactoryERSiPNS_5ValueEPSs
FNDA:0,_ZN4JsonrsERSiRNS_5ValueE
FNDA:0,_ZN4Json17ValueIteratorBaseC2Ev
FNDA:0,_ZN4Json17ValueIteratorBaseC2ERKSt17_Rb_tree_iteratorISt4pairIKNS_5Value8CZStringES3_EE
FNDA:0,_ZNK4Json17ValueIteratorBase5derefEv
FNDA:0,_ZN4Json17ValueIteratorBase9incrementEv
FNDA:0,_ZN4Json17ValueIteratorBase9decrementEv
FNDA:0,_ZNK4Json17ValueIteratorBase15computeDistanceERKS0_
FNDA:0,_ZNK4Json17ValueIteratorBase7isEqualERKS0_
FNDA:0,_ZN4Json17ValueIteratorBase4copyERKS0_
FNDA:0,_ZNK4Json17ValueIteratorBase3keyEv
FNDA:0,_ZNK4Json17ValueIteratorBase5indexEv
FNDA:0,_ZNK4Json17ValueIteratorBase4nameEv
FNDA:0,_ZNK4Json17ValueIteratorBase10memberNameEv
FNDA:0,_ZNK4Json17ValueIteratorBase10memberNameEPPKc
FNDA:0,_ZN4Json18ValueConstIteratorC2Ev
FNDA:0,_ZN4Json18ValueConstIteratorC2ERKSt17_Rb_tree_iteratorISt4pairIKNS_5Value8CZStringES3_EE
FNDA:0,_ZN4Json18ValueConstIteratoraSERKNS_17ValueIteratorBaseE
FNDA:0,_ZN4Json13ValueIteratorC2Ev
FNDA:0,_ZN4Json13ValueIteratorC2ERKSt17_Rb_tree_iteratorISt4pairIKNS_5Value8CZStringES3_EE
FNDA:0,_ZN4Json13ValueIteratorC2ERKNS_18ValueConstIteratorE
FNDA:0,_ZN4Json13ValueIteratorC2ERKS0_
FNDA:0,_ZN4Json13ValueIteratoraSERKS0_
FNDA:0,_ZN4JsonL7InRangeIiyEEbdT_T0_
FNDA:0,_ZN4JsonL7InRangeIxxEEbdT_T0_
FNDA:0,_ZN4JsonL7InRangeIijEEbdT_T0_
FNDA:0,_ZN4JsonL7InRangeIiiEEbdT_T0_
FNDA:342,_ZN4JsonL20duplicateStringValueEPKcm
FNDA:699,_ZN4JsonL29duplicateAndPrefixStringValueEPKcj
FNDA:541,_ZN4JsonL20decodePrefixedStringEbPKcPjPS1_
FNDA:1041,_ZN4JsonL18releaseStringValueEPc
FNDA:0,_ZN4Json12RuntimeErrorD0Ev
FNDA:0,_ZN4Json12RuntimeErrorD2Ev
FNDA:0,_ZN4Json10LogicErrorD0Ev
FNDA:0,_ZN4Json10LogicErrorD2Ev
FNDA:0,_ZN4Json9ExceptionC2ERKSs
FNDA:0,_ZN4Json9ExceptionD0Ev
FNDA:0,_ZN4Json9ExceptionD2Ev
FNDA:0,_ZNK4Json9Exception4whatEv
FNDA:0,_ZN4Json12RuntimeErrorC2ERKSs
FNDA:0,_ZN4Json10LogicErrorC2ERKSs
FNDA:0,_ZN4Json17throwRuntimeErrorERKSs
FNDA:0,_ZN4Json15throwLogicErrorERKSs
FNDA:0,_ZN4Json5Value11CommentInfoC2Ev
FNDA:0,_ZN4Json5Value11CommentInfoD2Ev
FNDA:0,_ZN4Json5Value11CommentInfo10setCommentEPKcm
FNDA:0,_ZN4Json5Value8CZStringC2Ej
FNDA:476,_ZN4Json5Value8CZStringC2EPKcjNS1_17DuplicationPolicyE
FNDA:342,_ZN4Json5Value8CZStringC2ERKS1_
FNDA:818,_ZN4Json5Value8CZStringD2Ev
FNDA:0,_ZN4Json5Value8CZString4swapERS1_
FNDA:0,_ZN4Json5Value8CZStringaSES1_
FNDA:1318,_ZNK4Json5Value8CZStringltERKS1_
FNDA:61,_ZNK4Json5Value8CZStringeqERKS1_
FNDA:0,_ZNK4Json5Value8CZString5indexEv
FNDA:9,_ZNK4Json5Value8CZString4dataEv
FNDA:9,_ZNK4Json5Value8CZString6lengthEv
FNDA:0,_ZNK4Json5Value8CZString14isStaticStringEv
FNDA:112,_ZN4Json5ValueC2ENS_9ValueTypeE
FNDA:0,_ZN4Json5ValueC2Ei
FNDA:0,_ZN4Json5ValueC2Ej
FNDA:0,_ZN4Json5ValueC2Ex
FNDA:0,_ZN4Json5ValueC2Ey
FNDA:0,_ZN4Json5ValueC2Ed
FNDA:51,_ZN4Json5ValueC2EPKc
FNDA:0,_ZN4Json5ValueC2EPKcS2_
FNDA:383,_ZN4Json5ValueC2ERKSs
FNDA:0,_ZN4Json5ValueC2ERKNS_12StaticStringE
FNDA:29,_ZN4Json5ValueC2Eb
FNDA:634,_ZN4Json5ValueC2ERKS0_
FNDA:1209,_ZN4Json5ValueD2Ev
FNDA:15,_ZN4Json5ValueaSES0_
FNDA:227,_ZN4Json5Value11swapPayloadERS0_
FNDA:15,_ZN4Json5Value4swapERS0_
FNDA:10,_ZNK4Json5Value4typeEv
FNDA:0,_ZNK4Json5Value7compareERKS0_
FNDA:0,_ZNK4Json5ValueltERKS0_
FNDA:0,_ZNK4Json5ValueleERKS0_
FNDA:0,_ZNK4Json5ValuegeERKS0_
FNDA:0,_ZNK4Json5ValuegtERKS0_
FNDA:0,_ZNK4Json5ValueeqERKS0_
FNDA:0,_ZNK4Json5ValueneERKS0_
FNDA:0,_ZNK4Json5Value9asCStringEv
FNDA:9,_ZNK4Json5Value9getStringEPPKcS3_
FNDA:267,_ZNK4Json5Value8asStringEv
FNDA:0,_ZNK4Json5Value5asIntEv
FNDA:0,_ZNK4Json5Value6asUIntEv
FNDA:0,_ZNK4Json5Value7asInt64Ev
FNDA:0,_ZNK4Json5Value8asUInt64Ev
FNDA:0,_ZNK4Json5Value12asLargestIntEv
FNDA:0,_ZNK4Json5Value13asLargestUIntEv
FNDA:0,_ZNK4Json5Value8asDoubleEv
FNDA:0,_ZNK4Json5Value7asFloatEv
FNDA:29,_ZNK4Json5Value6asBoolEv
FNDA:0,_ZNK4Json5Value15isConvertibleToENS_9ValueTypeE
FNDA:0,_ZNK4Json5Value4sizeEv
FNDA:0,_ZNK4Json5Value5emptyEv
FNDA:0,_ZNK4Json5ValuentEv
FNDA:0,_ZN4Json5Value5clearEv
FNDA:0,_ZN4Json5Value6resizeEj
FNDA:0,_ZN4Json5ValueixEj
FNDA:0,_ZN4Json5ValueixEi
FNDA:0,_ZNK4Json5ValueixEj
FNDA:0,_ZNK4Json5ValueixEi
FNDA:575,_ZN4Json5Value9initBasicENS_9ValueTypeEb
FNDA:0,_ZN4Json5Value16resolveReferenceEPKc
FNDA:171,_ZN4Json5Value16resolveReferenceEPKcS2_
FNDA:0,_ZNK4Json5Value3getEjRKS0_
FNDA:0,_ZNK4Json5Value12isValidIndexEj
FNDA:305,_ZNK4Json5Value4findEPKcS2_
FNDA:4,_ZNK4Json5ValueixEPKc
FNDA:9,_ZNK4Json5ValueixERKSs
FNDA:13,_ZN4Json5ValueixEPKc
FNDA:158,_ZN4Json5ValueixERKSs
FNDA:0,_ZN4Json5ValueixERKNS_12StaticStringE
FNDA:0,_ZN4Json5Value6appendERKS0_
FNDA:292,_ZNK4Json5Value3getEPKcS2_RKS0_
FNDA:292,_ZNK4Json5Value3getEPKcRKS0_
FNDA:0,_ZNK4Json5Value3getERKSsRKS0_
FNDA:0,_ZN4Json5Value12removeMemberEPKcS2_PS0_
FNDA:0,_ZN4Json5Value12removeMemberEPKcPS0_
FNDA:0,_ZN4Json5Value12removeMemberERKSsPS0_
FNDA:0,_ZN4Json5Value12removeMemberEPKc
FNDA:0,_ZN4Json5Value12removeMemberERKSs
FNDA:0,_ZN4Json5Value11removeIndexEjPS0_
FNDA:0,_ZNK4Json5Value8isMemberEPKcS2_
FNDA:0,_ZNK4Json5Value8isMemberEPKc
FNDA:0,_ZNK4Json5Value8isMemberERKSs
FNDA:1,_ZNK4Json5Value14getMemberNamesEv
FNDA:0,_ZN4JsonL10IsIntegralEd
FNDA:0,_ZNK4Json5Value6isNullEv
FNDA:0,_ZNK4Json5Value6isBoolEv
FNDA:0,_ZNK4Json5Value5isIntEv
FNDA:0,_ZNK4Json5Value6isUIntEv
FNDA:0,_ZNK4Json5Value7isInt64Ev
FNDA:0,_ZNK4Json5Value8isUInt64Ev
FNDA:0,_ZNK4Json5Value10isIntegralEv
FNDA:0,_ZNK4Json5Value8isDoubleEv
FNDA:0,_ZNK4Json5Value9isNumericEv
FNDA:0,_ZNK4Json5Value8isStringEv
FNDA:0,_ZNK4Json5Value7isArrayEv
FNDA:0,_ZNK4Json5Value8isObjectEv
FNDA:0,_ZN4Json5Value10setCommentEPKcmNS_16CommentPlacementE
FNDA:0,_ZN4Json5Value10setCommentEPKcNS_16CommentPlacementE
FNDA:0,_ZN4Json5Value10setCommentERKSsNS_16CommentPlacementE
FNDA:30,_ZNK4Json5Value10hasCommentENS_16CommentPlacementE
FNDA:0,_ZNK4Json5Value10getCommentENS_16CommentPlacementE
FNDA:212,_ZN4Json5Value14setOffsetStartEm
FNDA:212,_ZN4Json5Value14setOffsetLimitEm
FNDA:0,_ZNK4Json5Value14getOffsetStartEv
FNDA:0,_ZNK4Json5Value14getOffsetLimitEv
FNDA:0,_ZNK4Json5Value14toStyledStringEv
FNDA:0,_ZNK4Json5Value5beginEv
FNDA:0,_ZNK4Json5Value3endEv
FNDA:0,_ZN4Json5Value5beginEv
FNDA:0,_ZN4Json5Value3endEv
FNDA:0,_ZN4Json12PathArgumentC2Ev
FNDA:0,_ZN4Json12PathArgumentC2Ej
FNDA:0,_ZN4Json12PathArgumentC2EPKc
FNDA:0,_ZN4Json12PathArgumentC2ERKSs
FNDA:0,_ZN4Json4PathC2ERKSsRKNS_12PathArgumentES5_S5_S5_S5_
FNDA:0,_ZN4Json4Path8makePathERKSsRKSt6vectorIPKNS_12PathArgumentESaIS6_EE
FNDA:0,_ZN4Json4Path12addPathInArgERKSsRKSt6vectorIPKNS_12PathArgumentESaIS6_EERN9__gnu_cxx17__normal_iteratorIPKS6_S8_EENS4_4KindE
FNDA:0,_ZN4Json4Path11invalidPathERKSsi
FNDA:0,_ZNK4Json4Path7resolveERKNS_5ValueE
FNDA:0,_ZNK4Json4Path7resolveERKNS_5ValueES3_
FNDA:0,_ZNK4Json4Path4makeERNS_5ValueE
FNDA:0,_ZN4JsonL24containsControlCharacterEPKc
FNDA:18,_ZN4JsonL25containsControlCharacter0EPKcj
FNDA:0,_ZN4Json13valueToStringEx
FNDA:0,_ZN4Json13valueToStringEy
FNDA:0,_ZN4Json13valueToStringEi
FNDA:0,_ZN4Json13valueToStringEj
FNDA:0,_ZN4Json13valueToStringEd
FNDA:0,_ZN4Json13valueToStringEb
FNDA:0,_ZN4Json19valueToQuotedStringEPKc
FNDA:18,_ZN4JsonL8strnpbrkEPKcS1_m
FNDA:18,_ZN4JsonL20valueToQuotedStringNEPKcj
FNDA:0,_ZN4Json6WriterD0Ev
FNDA:0,_ZN4Json6WriterD2Ev
FNDA:0,_ZN4Json10FastWriterC2Ev
FNDA:0,_ZN4Json10FastWriter23enableYAMLCompatibilityEv
FNDA:0,_ZN4Json10FastWriter20dropNullPlaceholdersEv
FNDA:0,_ZN4Json10FastWriter18omitEndingLineFeedEv
FNDA:0,_ZN4Json10FastWriter5writeERKNS_5ValueE
FNDA:0,_ZN4Json10FastWriter10writeValueERKNS_5ValueE
FNDA:0,_ZN4Json12StyledWriterC2Ev
FNDA:0,_ZN4Json12StyledWriter5writeERKNS_5ValueE
FNDA:0,_ZN4Json12StyledWriter10writeValueERKNS_5ValueE
FNDA:0,_ZN4Json12StyledWriter15writeArrayValueERKNS_5ValueE
FNDA:0,_ZN4Json12StyledWriter14isMultineArrayERKNS_5ValueE
FNDA:0,_ZN4Json12StyledWriter9pushValueERKSs
FNDA:0,_ZN4Json12StyledWriter11writeIndentEv
FNDA:0,_ZN4Json12StyledWriter15writeWithIndentERKSs
FNDA:0,_ZN4Json12StyledWriter6indentEv
FNDA:0,_ZN4Json12StyledWriter8unindentEv
FNDA:0,_ZN4Json12StyledWriter23writeCommentBeforeValueERKNS_5ValueE
FNDA:0,_ZN4Json12StyledWriter32writeCommentAfterValueOnSameLineERKNS_5ValueE
FNDA:0,_ZN4Json12StyledWriter18hasCommentForValueERKNS_5ValueE
FNDA:0,_ZN4Json18StyledStreamWriterC2ESs
FNDA:0,_ZN4Json18StyledStreamWriter5writeERSoRKNS_5ValueE
FNDA:0,_ZN4Json18StyledStreamWriter10writeValueERKNS_5ValueE
FNDA:0,_ZN4Json18StyledStreamWriter15writeArrayValueERKNS_5ValueE
FNDA:0,_ZN4Json18StyledStreamWriter14isMultineArrayERKNS_5ValueE
FNDA:0,_ZN4Json18StyledStreamWriter9pushValueERKSs
FNDA:0,_ZN4Json18StyledStreamWriter11writeIndentEv
FNDA:0,_ZN4Json18StyledStreamWriter15writeWithIndentERKSs
FNDA:0,_ZN4Json18StyledStreamWriter6indentEv
FNDA:0,_ZN4Json18StyledStreamWriter8unindentEv
FNDA:0,_ZN4Json18StyledStreamWriter23writeCommentBeforeValueERKNS_5ValueE
FNDA:0,_ZN4Json18StyledStreamWriter32writeCommentAfterValueOnSameLineERKNS_5ValueE
FNDA:0,_ZN4Json18StyledStreamWriter18hasCommentForValueERKNS_5ValueE
FNDA:1,_ZN4Json23BuiltStyledStreamWriterD0Ev
FNDA:1,_ZN4Json23BuiltStyledStreamWriterD2Ev
FNDA:1,_ZN4Json23BuiltStyledStreamWriterC2ERKSsNS_12CommentStyle4EnumES2_S2_S2_
FNDA:1,_ZN4Json23BuiltStyledStreamWriter5writeERKNS_5ValueEPSo
FNDA:10,_ZN4Json23BuiltStyledStreamWriter10writeValueERKNS_5ValueE
FNDA:0,_ZN4Json23BuiltStyledStreamWriter15writeArrayValueERKNS_5ValueE
FNDA:0,_ZN4Json23BuiltStyledStreamWriter14isMultineArrayERKNS_5ValueE
FNDA:9,_ZN4Json23BuiltStyledStreamWriter9pushValueERKSs
FNDA:10,_ZN4Json23BuiltStyledStreamWriter11writeIndentEv
FNDA:11,_ZN4Json23BuiltStyledStreamWriter15writeWithIndentERKSs
FNDA:1,_ZN4Json23BuiltStyledStreamWriter6indentEv
FNDA:1,_ZN4Json23BuiltStyledStreamWriter8unindentEv
FNDA:10,_ZN4Json23BuiltStyledStreamWriter23writeCommentBeforeValueERKNS_5ValueE
FNDA:10,_ZN4Json23BuiltStyledStreamWriter32writeCommentAfterValueOnSameLineERKNS_5ValueE
FNDA:0,_ZN4Json23BuiltStyledStreamWriter18hasCommentForValueERKNS_5ValueE
FNDA:1,_ZN4Json12StreamWriterC2Ev
FNDA:0,_ZN4Json12StreamWriterD0Ev
FNDA:1,_ZN4Json12StreamWriterD2Ev
FNDA:0,_ZN4Json12StreamWriter7FactoryD0Ev
FNDA:1,_ZN4Json12StreamWriter7FactoryD2Ev
FNDA:1,_ZN4Json19StreamWriterBuilderC2Ev
FNDA:0,_ZN4Json19StreamWriterBuilderD0Ev
FNDA:1,_ZN4Json19StreamWriterBuilderD2Ev
FNDA:1,_ZNK4Json19StreamWriterBuilder15newStreamWriterEv
FNDA:0,_ZN4JsonL18getValidWriterKeysEPSt3setISsSt4lessISsESaISsEE
FNDA:0,_ZNK4Json19StreamWriterBuilder8validateEPNS_5ValueE
FNDA:0,_ZN4Json19StreamWriterBuilderixESs
FNDA:1,_ZN4Json19StreamWriterBuilder11setDefaultsEPNS_5ValueE
FNDA:0,_ZN4Json11writeStringERKNS_12StreamWriter7FactoryERKNS_5ValueE
FNDA:1,_ZN4JsonlsERSoRKNS_5ValueE
FNDA:1,_GLOBAL__sub_I__ZN4Json8FeaturesC2Ev
FNDA:1,_Z41__static_initialization_and_destruction_0ii
FNF:351
FNH:81
DA:104,25
DA:105,25
DA:109,25
DA:110,0
DA:111,0
DA:112,25
DA:113,25
DA:114,25
DA:115,25
DA:116,0
DA:117,0
DA:118,0
DA:119,0
DA:120,0
DA:121,0
DA:122,0
DA:123,0
DA:124,0
DA:125,0
DA:126,0
DA:129,25
DA:133,103
DA:149,0
DA:150,0
DA:151,0
DA:152,0
DA:153,0
DA:155,0
DA:162,0
DA:163,0
DA:164,0
DA:165,0
DA:167,0
DA:169,0
DA:231,54
DA:233,54
DA:235,54
DA:237,0
DA:238,0
DA:239,0
DA:240,0
DA:241,0
DA:242,0
DA:243,0
DA:249,0
DA:250,0
DA:251,0
DA:252,0
DA:253,0
DA:259,54
DA:262,54
DA:264,0
DA:266,0
DA:267,0
DA:270,54
DA:271,54
DA:272,54
DA:273,54
DA:274,54
DA:277,0
DA:285,0
DA:286,0
DA:287,0
DA:290,54
DA:294,54
DA:295,0
DA:298,54
DA:299,54
DA:300,54
DA:301,54
DA:302,54
DA:303,54
DA:304,54
DA:305,54
DA:306,108
DA:307,0
DA:308,54
DA:310,54
DA:311,54
DA:313,54
DA:314,54
DA:315,0
DA:316,54
DA:317,0
DA:320,0
DA:321,0
DA:322,0
DA:325,0
DA:326,0
DA:329,54
DA:332,212
DA:337,212
DA:338,212
DA:341,212
DA:342,212
DA:344,212
DA:345,0
DA:346,0
DA:349,212
DA:351,54
DA:352,54
DA:353,54
DA:355,0
DA:356,0
DA:357,0
DA:359,0
DA:360,0
DA:362,158
DA:363,158
DA:366,0
DA:367,0
DA:368,0
DA:369,0
DA:371,0
DA:374,0
DA:375,0
DA:376,0
DA:377,0
DA:379,0
DA:382,0
DA:383,0
DA:384,0
DA:385,0
DA:387,0
DA:391,0
DA:394,0
DA:395,0
DA:396,0
DA:397,0
DA:398,0
DA:399,0
DA:402,0
DA:403,0
DA:404,0
DA:407,212
DA:408,212
DA:409,212
DA:412,212
DA:413,212
DA:416,266
DA:417,266
DA:418,266
DA:419,266
DA:420,266
DA:422,0
DA:424,266
DA:426,740
DA:427,740
DA:428,740
DA:429,740
DA:430,740
DA:431,740
DA:433,54
DA:434,54
DA:436,54
DA:437,54
DA:439,0
DA:440,0
DA:442,0
DA:443,0
DA:445,316
DA:446,316
DA:447,316
DA:449,0
DA:450,0
DA:451,0
DA:463,0
DA:464,0
DA:465,0
DA:467,0
DA:468,0
DA:469,0
DA:471,0
DA:472,0
DA:473,0
DA:475,0
DA:476,0
DA:477,0
DA:479,104
DA:480,104
DA:482,158
DA:483,158
DA:485,54
DA:486,54
DA:488,0
DA:489,0
DA:491,740
DA:492,0
DA:493,740
DA:494,740
DA:497,740
DA:498,1742
DA:499,948
DA:500,948
DA:501,262
DA:505,740
DA:507,0
DA:508,0
DA:509,0
DA:510,0
DA:511,0
DA:512,0
DA:513,0
DA:514,0
DA:515,0
DA:518,0
DA:519,0
DA:520,0
DA:521,0
DA:522,0
DA:523,0
DA:524,0
DA:525,0
DA:526,0
DA:527,0
DA:529,0
DA:530,0
DA:531,0
DA:532,0
DA:533,0
DA:536,0
DA:538,0
DA:541,0
DA:542,0
DA:543,0
DA:544,0
DA:545,0
DA:546,0
DA:547,0
DA:548,0
DA:550,0
DA:552,0
DA:554,0
DA:557,0
DA:561,0
DA:562,0
DA:563,0
DA:564,0
DA:565,0
DA:566,0
DA:568,0
DA:569,0
DA:570,0
DA:572,0
DA:573,0
DA:574,0
DA:575,0
DA:576,0
DA:578,0
DA:581,0
DA:582,0
DA:583,0
DA:584,0
DA:585,0
DA:586,0
DA:588,0
DA:589,0
DA:591,0
DA:594,0
DA:597,0
DA:598,0
DA:599,0
DA:601,0
DA:602,0
DA:604,0
DA:605,0
DA:606,0
DA:607,0
DA:610,0
DA:611,0
DA:612,0
DA:613,0
DA:614,0
DA:615,0
DA:617,0
DA:619,316
DA:620,316
DA:621,2926
DA:622,2610
DA:623,2610
DA:624,25
DA:625,2585
DA:626,316
DA:628,316
DA:631,54
DA:633,54
DA:634,108
DA:635,54
DA:636,54
DA:637,54
DA:638,158
DA:639,316
DA:640,0
DA:641,158
DA:642,0
DA:643,158
DA:644,54
DA:645,158
DA:646,158
DA:647,158
DA:648,0
DA:649,0
DA:650,0
DA:651,0
DA:652,0
DA:653,0
DA:659,158
DA:661,0
DA:663,158
DA:664,158
DA:665,158
DA:666,158
DA:667,158
DA:668,0
DA:671,316
DA:672,262
DA:673,0
DA:675,0
DA:677,158
DA:678,316
DA:679,0
DA:680,158
DA:681,54
DA:684,54
DA:687,0
DA:688,0
DA:689,0
DA:690,0
DA:691,0
DA:692,0
DA:695,0
DA:696,0
DA:698,0
DA:700,0
DA:701,0
DA:702,0
DA:703,0
DA:704,0
DA:705,0
DA:709,0
DA:710,0
DA:711,0
DA:714,0
DA:715,0
DA:717,0
DA:719,0
DA:720,0
DA:721,0
DA:722,0
DA:725,0
DA:726,0
DA:727,0
DA:728,0
DA:729,0
DA:730,0
DA:731,0
DA:732,0
DA:735,0
DA:739,0
DA:740,0
DA:741,0
DA:742,0
DA:746,0
DA:747,0
DA:748,0
DA:749,0
DA:750,0
DA:751,0
DA:752,0
DA:753,0
DA:754,0
DA:759,0
DA:760,0
DA:761,0
DA:764,0
DA:766,0
DA:767,0
DA:768,0
DA:769,0
DA:771,0
DA:772,0
DA:775,0
DA:776,0
DA:777,0
DA:778,0
DA:779,0
DA:780,0
DA:781,0
DA:782,0
DA:785,0
DA:786,0
DA:787,0
DA:789,0
DA:792,0
DA:793,0
DA:801,0
DA:803,0
DA:805,0
DA:806,0
DA:807,0
DA:809,0
DA:810,0
DA:813,0
DA:814,0
DA:816,0
DA:817,0
DA:818,0
DA:821,158
DA:822,158
DA:823,158
DA:824,0
DA:825,316
DA:826,158
DA:827,158
DA:828,158
DA:829,316
DA:832,316
DA:833,316
DA:834,316
DA:835,316
DA:836,2826
DA:837,2194
DA:838,2194
DA:839,0
DA:840,2194
DA:841,25
DA:842,0
DA:843,25
DA:844,25
DA:846,0
DA:847,0
DA:849,0
DA:850,0
DA:852,0
DA:853,0
DA:855,0
DA:856,0
DA:858,0
DA:859,0
DA:861,0
DA:862,0
DA:864,0
DA:865,0
DA:867,0
DA:868,0
DA:871,25
DA:872,0
DA:873,25
DA:874,25
DA:876,0
DA:879,2169
DA:882,316
DA:885,25
DA:890,25
DA:891,0
DA:892,25
DA:894,0
DA:898,0
DA:900,0
DA:901,0
DA:902,0
DA:904,0
DA:909,0
DA:911,25
DA:914,25
DA:918,25
DA:922,0
DA:923,25
DA:924,125
DA:925,100
DA:926,100
DA:927,100
DA:928,75
DA:929,25
DA:930,25
DA:931,0
DA:932,0
DA:937,0
DA:939,25
DA:943,0
DA:944,0
DA:945,0
DA:946,0
DA:947,0
DA:948,0
DA:949,0
DA:952,0
DA:953,0
DA:956,0
DA:957,0
DA:958,0
DA:961,0
DA:962,0
DA:965,0
DA:968,0
DA:969,0
DA:972,1006
DA:974,3375
DA:975,3375
DA:976,54
DA:977,3321
DA:980,0
DA:983,0
DA:984,0
DA:985,0
DA:986,0
DA:987,0
DA:988,0
DA:989,0
DA:990,0
DA:991,0
DA:992,0
DA:993,0
DA:994,0
DA:995,0
DA:999,0
DA:1000,0
DA:1001,0
DA:1003,0
DA:1005,0
DA:1014,0
DA:1016,0
DA:1020,0
DA:1021,0
DA:1024,0
DA:1025,0
DA:1026,0
DA:1027,0
DA:1029,0
DA:1031,0
DA:1032,0
DA:1033,0
DA:1035,0
DA:1037,0
DA:1040,0
DA:1041,0
DA:1042,0
DA:1043,0
DA:1045,0
DA:1046,0
DA:1047,0
DA:1048,0
DA:1049,0
DA:1050,0
DA:1051,0
DA:1052,0
DA:1055,0
DA:1056,0
DA:1057,0
DA:1058,0
DA:1059,0
DA:1061,0
DA:1062,0
DA:1063,0
DA:1064,0
DA:1065,0
DA:1066,0
DA:1067,0
DA:1068,0
DA:1069,0
DA:1072,0
DA:1073,0
DA:1074,0
DA:1075,0
DA:1076,0
DA:1077,0
DA:1079,0
DA:1080,0
DA:1081,0
DA:1082,0
DA:1083,0
DA:1084,0
DA:1085,0
DA:1086,0
DA:1087,0
DA:1090,0
DA:1091,0
DA:1112,0
DA:1116,0
DA:1118,0
DA:1120,0
DA:1126,0
DA:1130,0
DA:1175,0
DA:1242,0
DA:1244,0
DA:1245,0
DA:1247,0
DA:1251,0
DA:1252,0
DA:1255,0
DA:1256,0
DA:1257,0
DA:1258,0
DA:1259,0
DA:1260,0
DA:1261,0
DA:1262,0
DA:1263,0
DA:1264,0
DA:1265,0
DA:1267,0
DA:1268,0
DA:1270,0
DA:1271,0
DA:1272,0
DA:1273,0
DA:1274,0
DA:1277,0
DA:1278,0
DA:1279,0
DA:1280,0
DA:1283,0
DA:1284,0
DA:1285,0
DA:1288,0
DA:1289,0
DA:1292,0
DA:1295,0
DA:1296,0
DA:1297,0
DA:1299,0
DA:1300,0
DA:1302,0
DA:1303,0
DA:1304,0
DA:1307,0
DA:1309,0
DA:1310,0
DA:1311,0
DA:1313,0
DA:1314,0
DA:1315,0
DA:1317,0
DA:1318,0
DA:1320,0
DA:1321,0
DA:1324,0
DA:1325,0
DA:1326,0
DA:1327,0
DA:1329,0
DA:1332,0
DA:1333,0
DA:1334,0
DA:1335,0
DA:1337,0
DA:1340,0
DA:1341,0
DA:1342,0
DA:1343,0
DA:1345,0
DA:1349,0
DA:1352,0
DA:1353,0
DA:1354,0
DA:1355,0
DA:1356,0
DA:1357,0
DA:1360,0
DA:1361,0
DA:1362,0
DA:1365,0
DA:1366,0
DA:1367,0
DA:1370,0
DA:1371,0
DA:1374,0
DA:1375,0
DA:1376,0
DA:1377,0
DA:1378,0
DA:1380,0
DA:1382,0
DA:1384,0
DA:1385,0
DA:1386,0
DA:1387,0
DA:1388,0
DA:1389,0
DA:1391,0
DA:1392,0
DA:1394,0
DA:1395,0
DA:1397,0
DA:1398,0
DA:1400,0
DA:1401,0
DA:1403,0
DA:1404,0
DA:1405,0
DA:1407,0
DA:1408,0
DA:1409,0
DA:1410,0
DA:1413,0
DA:1414,0
DA:1415,0
DA:1427,0
DA:1428,0
DA:1429,0
DA:1431,0
DA:1432,0
DA:1433,0
DA:1435,0
DA:1436,0
DA:1437,0
DA:1439,0
DA:1440,0
DA:1441,0
DA:1443,0
DA:1444,0
DA:1446,0
DA:1447,0
DA:1449,0
DA:1450,0
DA:1452,0
DA:1453,0
DA:1455,0
DA:1456,0
DA:1457,0
DA:1458,0
DA:1461,0
DA:1462,0
DA:1463,0
DA:1464,0
DA:1465,0
DA:1469,0
DA:1471,0
DA:1472,0
DA:1473,0
DA:1474,0
DA:1475,0
DA:1476,0
DA:1477,0
DA:1478,0
DA:1479,0
DA:1482,0
DA:1483,0
DA:1484,0
DA:1485,0
DA:1486,0
DA:1487,0
DA:1488,0
DA:1489,0
DA:1490,0
DA:1491,0
DA:1493,0
DA:1494,0
DA:1495,0
DA:1496,0
DA:1497,0
DA:1500,0
DA:1502,0
DA:1506,0
DA:1507,0
DA:1508,0
DA:1509,0
DA:1510,0
DA:1511,0
DA:1513,0
DA:1514,0
DA:1515,0
DA:1517,0
DA:1518,0
DA:1519,0
DA:1520,0
DA:1521,0
DA:1523,0
DA:1526,0
DA:1527,0
DA:1528,0
DA:1529,0
DA:1530,0
DA:1531,0
DA:1533,0
DA:1534,0
DA:1536,0
DA:1539,0
DA:1542,0
DA:1543,0
DA:1544,0
DA:1546,0
DA:1547,0
DA:1549,0
DA:1550,0
DA:1551,0
DA:1552,0
DA:1555,0
DA:1556,0
DA:1557,0
DA:1558,0
DA:1559,0
DA:1560,0
DA:1562,0
DA:1563,0
DA:1564,0
DA:1565,0
DA:1566,0
DA:1567,0
DA:1568,0
DA:1569,0
DA:1570,0
DA:1572,0
DA:1576,0
DA:1577,0
DA:1578,0
DA:1579,0
DA:1580,0
DA:1581,0
DA:1582,0
DA:1583,0
DA:1585,0
DA:1588,0
DA:1590,0
DA:1591,0
DA:1592,0
DA:1593,0
DA:1594,0
DA:1595,0
DA:1596,0
DA:1597,0
DA:1598,0
DA:1599,0
DA:1600,0
DA:1601,0
DA:1602,0
DA:1603,0
DA:1604,0
DA:1605,0
DA:1606,0
DA:1607,0
DA:1608,0
DA:1609,0
DA:1610,0
DA:1616,0
DA:1618,0
DA:1620,0
DA:1621,0
DA:1622,0
DA:1624,0
DA:1626,0
DA:1627,0
DA:1628,0
DA:1629,0
DA:1630,0
DA:1631,0
DA:1634,0
DA:1635,0
DA:1636,0
DA:1638,0
DA:1640,0
DA:1641,0
DA:1642,0
DA:1643,0
DA:1644,0
DA:1647,0
DA:1650,0
DA:1651,0
DA:1652,0
DA:1653,0
DA:1654,0
DA:1655,0
DA:1658,0
DA:1659,0
DA:1661,0
DA:1663,0
DA:1664,0
DA:1665,0
DA:1666,0
DA:1667,0
DA:1668,0
DA:1672,0
DA:1673,0
DA:1674,0
DA:1677,0
DA:1678,0
DA:1680,0
DA:1682,0
DA:1683,0
DA:1684,0
DA:1685,0
DA:1688,0
DA:1689,0
DA:1690,0
DA:1691,0
DA:1692,0
DA:1693,0
DA:1694,0
DA:1695,0
DA:1698,0
DA:1702,0
DA:1703,0
DA:1704,0
DA:1705,0
DA:1709,0
DA:1710,0
DA:1711,0
DA:1712,0
DA:1713,0
DA:1714,0
DA:1715,0
DA:1716,0
DA:1717,0
DA:1722,0
DA:1723,0
DA:1724,0
DA:1727,0
DA:1729,0
DA:1730,0
DA:1731,0
DA:1732,0
DA:1734,0
DA:1735,0
DA:1738,0
DA:1739,0
DA:1740,0
DA:1741,0
DA:1742,0
DA:1743,0
DA:1744,0
DA:1745,0
DA:1748,0
DA:1749,0
DA:1750,0
DA:1752,0
DA:1755,0
DA:1756,0
DA:1764,0
DA:1766,0
DA:1768,0
DA:1769,0
DA:1770,0
DA:1772,0
DA:1773,0
DA:1776,0
DA:1777,0
DA:1779,0
DA:1780,0
DA:1781,0
DA:1784,0
DA:1785,0
DA:1786,0
DA:1787,0
DA:1788,0
DA:1789,0
DA:1790,0
DA:1791,0
DA:1792,0
DA:1795,0
DA:1796,0
DA:1797,0
DA:1798,0
DA:1799,0
DA:1800,0
DA:1801,0
DA:1802,0
DA:1803,0
DA:1804,0
DA:1805,0
DA:1806,0
DA:1807,0
DA:1809,0
DA:1810,0
DA:1812,0
DA:1813,0
DA:1815,0
DA:1816,0
DA:1818,0
DA:1819,0
DA:1821,0
DA:1822,0
DA:1824,0
DA:1825,0
DA:1827,0
DA:1828,0
DA:1830,0
DA:1831,0
DA:1834,0
DA:1835,0
DA:1836,0
DA:1837,0
DA:1839,0
DA:1842,0
DA:1845,0
DA:1848,0
DA:1853,0
DA:1854,0
DA:1855,0
DA:1857,0
DA:1861,0
DA:1863,0
DA:1864,0
DA:1865,0
DA:1867,0
DA:1872,0
DA:1874,0
DA:1877,0
DA:1881,0
DA:1885,0
DA:1886,0
DA:1887,0
DA:1888,0
DA:1889,0
DA:1890,0
DA:1891,0
DA:1892,0
DA:1893,0
DA:1894,0
DA:1895,0
DA:1900,0
DA:1902,0
DA:1906,0
DA:1907,0
DA:1908,0
DA:1909,0
DA:1910,0
DA:1911,0
DA:1912,0
DA:1915,0
DA:1916,0
DA:1919,0
DA:1920,0
DA:1921,0
DA:1924,0
DA:1925,0
DA:1928,0
DA:1931,0
DA:1932,0
DA:1935,0
DA:1937,0
DA:1938,0
DA:1939,0
DA:1940,0
DA:1943,0
DA:1946,0
DA:1947,0
DA:1948,0
DA:1949,0
DA:1950,0
DA:1951,0
DA:1952,0
DA:1953,0
DA:1954,0
DA:1955,0
DA:1956,0
DA:1957,0
DA:1958,0
DA:1962,0
DA:1963,0
DA:1964,0
DA:1966,0
DA:1968,0
DA:1977,0
DA:1979,0
DA:1982,0
DA:1983,0
DA:1984,0
DA:1985,0
DA:1987,0
DA:1989,0
DA:1990,0
DA:1991,0
DA:1993,0
DA:1995,0
DA:1998,0
DA:1999,0
DA:2000,0
DA:2001,0
DA:2003,0
DA:2004,0
DA:2005,0
DA:2006,0
DA:2007,0
DA:2008,0
DA:2009,0
DA:2010,0
DA:2013,0
DA:2014,0
DA:2015,0
DA:2016,0
DA:2017,0
DA:2019,0
DA:2020,0
DA:2021,0
DA:2022,0
DA:2023,0
DA:2024,0
DA:2025,0
DA:2026,0
DA:2027,0
DA:2030,0
DA:2031,0
DA:2032,0
DA:2033,0
DA:2034,0
DA:2035,0
DA:2037,0
DA:2038,0
DA:2039,0
DA:2040,0
DA:2041,0
DA:2042,0
DA:2043,0
DA:2044,0
DA:2045,0
DA:2048,0
DA:2049,0
DA:2053,0
DA:2057,0
DA:2061,0
DA:2062,0
DA:2063,0
DA:2066,0
DA:2067,0
DA:2068,0
DA:2070,0
DA:2074,0
DA:2076,0
DA:2077,0
DA:2078,0
DA:2079,0
DA:2080,0
DA:2082,0
DA:2083,0
DA:2084,0
DA:2085,0
DA:2086,0
DA:2087,0
DA:2088,0
DA:2089,0
DA:2090,0
DA:2091,0
DA:2092,0
DA:2094,0
DA:2096,0
DA:2097,0
DA:2098,0
DA:2099,0
DA:2100,0
DA:2101,0
DA:2102,0
DA:2103,0
DA:2104,0
DA:2105,0
DA:2106,0
DA:2107,0
DA:2109,0
DA:2110,0
DA:2111,0
DA:2112,0
DA:2113,0
DA:2114,0
DA:2115,0
DA:2116,0
DA:2117,0
DA:2118,0
DA:2119,0
DA:2122,0
DA:2124,0
DA:2126,0
DA:2129,0
DA:2132,0
DA:2133,0
DA:2134,0
DA:2135,0
DA:2136,0
DA:2137,0
DA:2138,0
DA:2140,0
DA:2142,0
DA:2145,0
DA:2146,0
DA:2147,0
DA:2148,0
DA:2149,0
DA:2150,0
DA:2151,0
DA:2152,0
DA:2153,0
DA:2155,0
DA:2160,0
DA:2164,0
DA:2165,0
DA:2166,0
DA:2167,0
DA:2168,0
DA:2170,0
DA:2171,0
DA:2174,0
DA:2175,0
DA:2176,0
DA:2177,0
DA:2178,0
DA:2181,0
DA:2183,0
DA:2185,0
DA:2220,0
DA:2221,0
DA:2222,0
DA:2224,0
DA:2226,0
DA:2228,0
DA:2229,0
DA:2232,0
DA:2233,0
DA:2234,0
DA:2236,0
DA:2237,0
DA:2238,0
DA:2241,0
DA:2250,0
DA:2251,0
DA:2259,0
DA:2260,0
DA:2262,0
DA:2264,0
DA:2268,0
DA:2269,0
DA:2270,0
DA:2272,0
DA:2275,0
DA:2276,0
DA:2277,0
DA:2278,0
DA:2280,0
DA:2281,0
DA:2282,0
DA:2283,0
DA:2284,0
DA:2285,0
DA:2287,0
DA:2290,0
DA:2291,0
DA:2292,0
DA:2293,0
DA:2294,0
DA:2297,0
DA:2300,0
DA:2301,0
DA:2302,0
DA:2305,0
DA:2306,0
DA:2307,0
DA:2310,0
DA:2311,0
DA:2312,0
DA:2313,0
DA:2314,0
DA:2316,0
DA:2317,0
DA:2328,0
DA:2330,0
DA:2332,0
DA:2334,0
DA:2336,0
DA:2337,0
DA:2348,0
DA:2350,0
DA:2351,0
DA:2353,0
DA:2354,0
DA:2356,0
DA:2357,0
DA:2359,0
DA:2360,0
DA:2361,0
DA:2414,1
DA:2415,1
DA:2435,0
DA:2436,0
DA:2460,342
DA:2464,342
DA:2465,0
DA:2467,342
DA:2468,342
DA:2471,0
DA:2473,342
DA:2474,342
DA:2475,342
DA:2480,699
DA:2486,699
DA:2489,699
DA:2490,699
DA:2491,699
DA:2494,0
DA:2496,699
DA:2497,699
DA:2498,699
DA:2499,699
DA:2501,541
DA:2505,541
DA:2506,0
DA:2507,0
DA:2509,541
DA:2510,541
DA:2512,541
DA:2515,1041
DA:2541,0
DA:2545,0
DA:2550,0
DA:2551,0
DA:2552,0
DA:2553,0
DA:2554,0
DA:2555,0
DA:2557,0
DA:2559,0
DA:2560,0
DA:2561,0
DA:2562,0
DA:2563,0
DA:2564,0
DA:2565,0
DA:2567,0
DA:2569,0
DA:2571,0
DA:2582,0
DA:2584,0
DA:2585,0
DA:2586,0
DA:2587,0
DA:2589,0
DA:2590,0
DA:2591,0
DA:2592,0
DA:2594,0
DA:2595,0
DA:2599,0
DA:2600,0
DA:2613,0
DA:2615,476
DA:2616,476
DA:2619,476
DA:2620,476
DA:2621,476
DA:2623,342
DA:2624,684
DA:2625,342
DA:2626,684
DA:2631,342
DA:2632,342
DA:2633,342
DA:2635,818
DA:2636,818
DA:2637,342
DA:2638,818
DA:2640,0
DA:2641,0
DA:2642,0
DA:2643,0
DA:2645,0
DA:2646,0
DA:2647,0
DA:2650,1318
DA:2651,1318
DA:2654,1318
DA:2655,1318
DA:2656,1318
DA:2657,1318
DA:2658,1318
DA:2659,721
DA:2660,323
DA:2663,61
DA:2664,61
DA:2667,61
DA:2668,61
DA:2669,61
DA:2670,0
DA:2671,0
DA:2674,0
DA:2677,9
DA:2678,9
DA:2679,0
DA:2693,112
DA:2694,112
DA:2695,112
DA:2697,56
DA:2700,0
DA:2701,0
DA:2703,0
DA:2704,0
DA:2706,0
DA:2707,0
DA:2710,56
DA:2711,56
DA:2713,0
DA:2714,0
DA:2716,0
DA:2718,112
DA:2720,0
DA:2721,0
DA:2722,0
DA:2723,0
DA:2725,0
DA:2726,0
DA:2727,0
DA:2728,0
DA:2730,0
DA:2731,0
DA:2732,0
DA:2733,0
DA:2734,0
DA:2735,0
DA:2736,0
DA:2737,0
DA:2740,0
DA:2741,0
DA:2742,0
DA:2743,0
DA:2745,51
DA:2746,51
DA:2747,51
DA:2748,51
DA:2750,0
DA:2751,0
DA:2753,0
DA:2754,0
DA:2756,383
DA:2757,383
DA:2759,383
DA:2760,383
DA:2762,0
DA:2763,0
DA:2764,0
DA:2765,0
DA:2774,29
DA:2775,29
DA:2776,29
DA:2777,29
DA:2779,634
DA:2782,634
DA:2784,634
DA:2790,369
DA:2791,369
DA:2793,265
DA:2797,265
DA:2798,265
DA:2799,265
DA:2801,0
DA:2802,0
DA:2804,265
DA:2807,0
DA:2808,0
DA:2810,0
DA:2812,634
DA:2813,0
DA:2814,0
DA:2815,0
DA:2816,0
DA:2818,0
DA:2821,634
DA:2823,1209
DA:2824,1209
DA:2830,454
DA:2832,699
DA:2833,699
DA:2834,699
DA:2837,56
DA:2838,56
DA:2840,0
DA:2843,1209
DA:2844,0
DA:2845,1209
DA:2847,15
DA:2848,15
DA:2849,15
DA:2852,227
DA:2853,227
DA:2854,227
DA:2855,227
DA:2856,227
DA:2857,227
DA:2858,227
DA:2859,227
DA:2860,227
DA:2862,15
DA:2863,15
DA:2864,15
DA:2865,15
DA:2866,15
DA:2867,15
DA:2869,10
DA:2871,0
DA:2872,0
DA:2873,0
DA:2874,0
DA:2875,0
DA:2876,0
DA:2879,0
DA:2880,0
DA:2881,0
DA:2882,0
DA:2883,0
DA:2885,0
DA:2887,0
DA:2889,0
DA:2891,0
DA:2893,0
DA:2896,0
DA:2897,0
DA:2898,0
DA:2904,0
DA:2905,0
DA:2906,0
DA:2907,0
DA:2908,0
DA:2909,0
DA:2910,0
DA:2914,0
DA:2915,0
DA:2916,0
DA:2917,0
DA:2920,0
DA:2925,0
DA:2927,0
DA:2929,0
DA:2931,0
DA:2936,0
DA:2937,0
DA:2938,0
DA:2939,0
DA:2941,0
DA:2943,0
DA:2945,0
DA:2947,0
DA:2949,0
DA:2952,0
DA:2953,0
DA:2959,0
DA:2960,0
DA:2961,0
DA:2962,0
DA:2963,0
DA:2967,0
DA:2968,0
DA:2970,0
DA:2975,0
DA:2977,0
DA:2978,0
DA:2980,0
DA:2983,0
DA:2984,0
DA:2987,9
DA:2988,9
DA:2989,9
DA:2991,9
DA:2992,9
DA:2993,9
DA:2996,267
DA:2997,267
DA:2999,0
DA:3002,267
DA:3005,267
DA:3006,267
DA:3009,0
DA:3011,0
DA:3013,0
DA:3015,0
DA:3017,0
DA:3031,0
DA:3032,0
DA:3034,0
DA:3035,0
DA:3037,0
DA:3038,0
DA:3040,0
DA:3042,0
DA:3044,0
DA:3046,0
DA:3048,0
DA:3050,0
DA:3053,0
DA:3054,0
DA:3056,0
DA:3057,0
DA:3059,0
DA:3060,0
DA:3062,0
DA:3064,0
DA:3066,0
DA:3068,0
DA:3070,0
DA:3072,0
DA:3077,0
DA:3078,0
DA:3080,0
DA:3082,0
DA:3083,0
DA:3085,0
DA:3087,0
DA:3089,0
DA:3091,0
DA:3093,0
DA:3095,0
DA:3098,0
DA:3099,0
DA:3101,0
DA:3102,0
DA:3104,0
DA:3106,0
DA:3108,0
DA:3110,0
DA:3112,0
DA:3114,0
DA:3116,0
DA:3120,0
DA:3124,0
DA:3128,0
DA:3132,0
DA:3136,0
DA:3137,0
DA:3139,0
DA:3142,0
DA:3147,0
DA:3149,0
DA:3151,0
DA:3153,0
DA:3155,0
DA:3158,0
DA:3159,0
DA:3161,0
DA:3164,0
DA:3169,0
DA:3171,0
DA:3173,0
DA:3175,0
DA:3177,0
DA:3180,29
DA:3181,29
DA:3183,29
DA:3185,0
DA:3187,0
DA:3189,0
DA:3191,0
DA:3193,0
DA:3195,0
DA:3198,0
DA:3199,0
DA:3201,0
DA:3202,0
DA:3203,0
DA:3204,0
DA:3205,0
DA:3206,0
DA:3208,0
DA:3209,0
DA:3210,0
DA:3212,0
DA:3213,0
DA:3214,0
DA:3216,0
DA:3218,0
DA:3220,0
DA:3221,0
DA:3223,0
DA:3225,0
DA:3227,0
DA:3232,0
DA:3233,0
DA:3240,0
DA:3242,0
DA:3243,0
DA:3244,0
DA:3245,0
DA:3247,0
DA:3249,0
DA:3251,0
DA:3255,0
DA:3256,0
DA:3257,0
DA:3259,0
DA:3262,0
DA:3264,0
DA:3265,0
DA:3268,0
DA:3269,0
DA:3270,0
DA:3273,0
DA:3274,0
DA:3276,0
DA:3278,0
DA:3280,0
DA:3281,0
DA:3283,0
DA:3284,0
DA:3285,0
DA:3286,0
DA:3287,0
DA:3288,0
DA:3289,0
DA:3291,0
DA:3292,0
DA:3294,0
DA:3296,0
DA:3298,0
DA:3299,0
DA:3302,0
DA:3303,0
DA:3304,0
DA:3305,0
DA:3306,0
DA:3307,0
DA:3309,0
DA:3310,0
DA:3311,0
DA:3314,0
DA:3315,0
DA:3318,0
DA:3321,0
DA:3322,0
DA:3325,0
DA:3326,0
DA:3327,0
DA:3328,0
DA:3329,0
DA:3330,0
DA:3331,0
DA:3334,0
DA:3335,0
DA:3338,0
DA:3341,575
DA:3342,575
DA:3343,575
DA:3344,575
DA:3345,575
DA:3346,575
DA:3347,575
DA:3352,0
DA:3353,0
DA:3356,0
DA:3357,0
DA:3359,0
DA:3360,0
DA:3361,0
DA:3362,0
DA:3364,0
DA:3365,0
DA:3366,0
DA:3367,0
DA:3371,171
DA:3373,171
DA:3376,171
DA:3377,2
DA:3379,171
DA:3380,171
DA:3381,171
DA:3382,0
DA:3384,342
DA:3385,171
DA:3386,171
DA:3387,342
DA:3390,0
DA:3391,0
DA:3392,0
DA:3395,0
DA:3397,305
DA:3399,305
DA:3402,305
DA:3403,305
DA:3404,305
DA:3405,305
DA:3406,146
DA:3408,4
DA:3410,4
DA:3411,4
DA:3412,4
DA:3414,9
DA:3416,9
DA:3417,9
DA:3418,9
DA:3421,13
DA:3422,13
DA:3425,158
DA:3426,158
DA:3429,0
DA:3430,0
DA:3445,0
DA:3447,292
DA:3449,292
DA:3450,292
DA:3452,292
DA:3454,292
DA:3456,0
DA:3458,0
DA:3462,0
DA:3464,0
DA:3465,0
DA:3467,0
DA:3468,0
DA:3469,0
DA:3470,0
DA:3471,0
DA:3472,0
DA:3473,0
DA:3475,0
DA:3477,0
DA:3479,0
DA:3481,0
DA:3483,0
DA:3485,0
DA:3487,0
DA:3488,0
DA:3490,0
DA:3491,0
DA:3492,0
DA:3494,0
DA:3496,0
DA:3499,0
DA:3500,0
DA:3501,0
DA:3503,0
DA:3504,0
DA:3505,0
DA:3506,0
DA:3508,0
DA:3509,0
DA:3511,0
DA:3512,0
DA:3513,0
DA:3514,0
DA:3516,0
DA:3517,0
DA:3518,0
DA:3519,0
DA:3529,0
DA:3531,0
DA:3532,0
DA:3534,0
DA:3536,0
DA:3538,0
DA:3540,0
DA:3549,1
DA:3550,1
DA:3553,1
DA:3554,0
DA:3555,1
DA:3556,1
DA:3557,1
DA:3558,1
DA:3559,10
DA:3560,9
DA:3561,18
DA:3563,1
DA:3591,0
DA:3593,0
DA:3596,0
DA:3598,0
DA:3600,0
DA:3601,0
DA:3603,0
DA:3605,0
DA:3607,0
DA:3608,0
DA:3610,0
DA:3612,0
DA:3615,0
DA:3616,0
DA:3618,0
DA:3620,0
DA:3622,0
DA:3623,0
DA:3625,0
DA:3627,0
DA:3630,0
DA:3632,0
DA:3634,0
DA:3636,0
DA:3641,0
DA:3642,0
DA:3644,0
DA:3647,0
DA:3650,0
DA:3652,0
DA:3654,0
DA:3656,0
DA:3661,0
DA:3662,0
DA:3664,0
DA:3667,0
DA:3670,0
DA:3672,0
DA:3678,0
DA:3680,0
DA:3682,0
DA:3684,0
DA:3686,0
DA:3688,0
DA:3689,0
DA:3690,0
DA:3691,0
DA:3693,0
DA:3695,0
DA:3696,0
DA:3698,0
DA:3699,0
DA:3700,0
DA:3702,0
DA:3703,0
DA:3704,0
DA:3706,30
DA:3707,30
DA:3710,0
DA:3711,0
DA:3712,0
DA:3713,0
DA:3716,212
DA:3718,212
DA:3720,0
DA:3722,0
DA:3724,0
DA:3725,0
DA:3726,0
DA:3729,0
DA:3730,0
DA:3733,0
DA:3734,0
DA:3735,0
DA:3737,0
DA:3739,0
DA:3742,0
DA:3743,0
DA:3746,0
DA:3747,0
DA:3748,0
DA:3750,0
DA:3752,0
DA:3755,0
DA:3756,0
DA:3759,0
DA:3760,0
DA:3761,0
DA:3763,0
DA:3765,0
DA:3768,0
DA:3769,0
DA:3772,0
DA:3773,0
DA:3774,0
DA:3776,0
DA:3778,0
DA:3784,0
DA:3786,0
DA:3787,0
DA:3789,0
DA:3790,0
DA:3792,0
DA:3793,0
DA:3798,0
DA:3803,0
DA:3804,0
DA:3805,0
DA:3806,0
DA:3807,0
DA:3808,0
DA:3809,0
DA:3810,0
DA:3811,0
DA:3813,0
DA:3814,0
DA:3815,0
DA:3816,0
DA:3817,0
DA:3818,0
DA:3819,0
DA:3820,0
DA:3821,0
DA:3823,0
DA:3824,0
DA:3825,0
DA:3826,0
DA:3828,0
DA:3829,0
DA:3830,0
DA:3831,0
DA:3832,0
DA:3833,0
DA:3834,0
DA:3836,0
DA:3837,0
DA:3838,0
DA:3839,0
DA:3842,0
DA:3844,0
DA:3848,0
DA:3850,0
DA:3853,0
DA:3855,0
DA:3857,0
DA:3859,0
DA:3861,0
DA:3862,0
DA:3863,0
DA:3864,0
DA:3865,0
DA:3866,0
DA:3869,0
DA:3870,0
DA:3871,0
DA:3874,0
DA:3875,0
DA:3881,0
DA:3884,0
DA:3885,0
DA:3886,0
DA:3887,0
DA:3888,0
DA:3889,0
DA:3890,0
DA:3891,0
DA:3892,0
DA:3893,0
DA:3894,0
DA:3895,0
DA:3896,0
DA:3897,0
DA:3900,0
DA:3903,0
DA:3904,0
DA:3905,0
DA:3906,0
DA:3907,0
DA:3908,0
DA:3911,0
DA:3912,0
DA:3913,0
DA:3916,0
DA:3919,0
DA:3985,0
DA:3986,0
DA:3987,0
DA:3988,0
DA:3990,0
DA:3993,18
DA:3994,18
DA:3995,139
DA:3996,103
DA:3997,0
DA:3998,103
DA:4000,18
DA:4003,0
DA:4005,0
DA:4006,0
DA:4007,0
DA:4008,0
DA:4009,0
DA:4010,0
DA:4011,0
DA:4012,0
DA:4013,0
DA:4016,0
DA:4018,0
DA:4019,0
DA:4020,0
DA:4021,0
DA:4026,0
DA:4027,0
DA:4030,0
DA:4031,0
DA:4036,0
DA:4040,0
DA:4054,0
DA:4055,0
DA:4058,0
DA:4059,0
DA:4060,0
DA:4061,0
DA:4063,0
DA:4068,0
DA:4069,0
DA:4070,0
DA:4073,0
DA:4075,0
DA:4076,0
DA:4077,0
DA:4079,0
DA:4080,0
DA:4081,0
DA:4086,0
DA:4087,0
DA:4088,0
DA:4089,0
DA:4090,0
DA:4091,0
DA:4093,0
DA:4094,0
DA:4096,0
DA:4097,0
DA:4099,0
DA:4100,0
DA:4102,0
DA:4103,0
DA:4105,0
DA:4106,0
DA:4108,0
DA:4109,0
DA:4111,0
DA:4112,0
DA:4122,0
DA:4123,0
DA:4124,0
DA:4125,0
DA:4126,0
DA:4128,0
DA:4130,0
DA:4133,0
DA:4134,0
DA:4138,18
DA:4139,18
DA:4141,18
DA:4142,121
DA:4143,103
DA:4144,824
DA:4145,721
DA:4146,0
DA:4150,18
DA:4152,18
DA:4153,18
DA:4154,0
DA:4156,36
DA:4157,18
DA:4158,18
DA:4163,0
DA:4164,0
DA:4165,0
DA:4166,0
DA:4167,0
DA:4168,0
DA:4169,0
DA:4171,0
DA:4172,0
DA:4174,0
DA:4175,0
DA:4177,0
DA:4178,0
DA:4180,0
DA:4181,0
DA:4183,0
DA:4184,0
DA:4186,0
DA:4187,0
DA:4189,0
DA:4190,0
DA:4200,0
DA:4201,0
DA:4202,0
DA:4203,0
DA:4204,0
DA:4206,0
DA:4208,0
DA:4211,0
DA:4212,0
DA:4217,0
DA:4222,0
DA:4224,0
DA:4226,0
DA:4228,0
DA:4230,0
DA:4232,0
DA:4233,0
DA:4234,0
DA:4235,0
DA:4236,0
DA:4237,0
DA:4240,0
DA:4241,0
DA:4243,0
DA:4244,0
DA:4245,0
DA:4247,0
DA:4248,0
DA:4250,0
DA:4251,0
DA:4253,0
DA:4254,0
DA:4260,0
DA:4261,0
DA:4262,0
DA:4265,0
DA:4266,0
DA:4268,0
DA:4269,0
DA:4270,0
DA:4271,0
DA:4272,0
DA:4273,0
DA:4275,0
DA:4276,0
DA:4278,0
DA:4279,0
DA:4280,0
DA:4282,0
DA:4283,0
DA:4284,0
DA:4285,0
DA:4286,0
DA:4287,0
DA:4289,0
DA:4290,0
DA:4292,0
DA:4297,0
DA:4298,0
DA:4300,0
DA:4301,0
DA:4302,0
DA:4303,0
DA:4304,0
DA:4305,0
DA:4306,0
DA:4307,0
DA:4308,0
DA:4311,0
DA:4312,0
DA:4314,0
DA:4315,0
DA:4317,0
DA:4318,0
DA:4320,0
DA:4321,0
DA:4323,0
DA:4324,0
DA:4330,0
DA:4331,0
DA:4332,0
DA:4333,0
DA:4336,0
DA:4337,0
DA:4339,0
DA:4340,0
DA:4342,0
DA:4343,0
DA:4344,0
DA:4346,0
DA:4347,0
DA:4348,0
DA:4350,0
DA:4351,0
DA:4352,0
DA:4353,0
DA:4354,0
DA:4355,0
DA:4356,0
DA:4357,0
DA:4358,0
DA:4360,0
DA:4361,0
DA:4362,0
DA:4363,0
DA:4364,0
DA:4365,0
DA:4366,0
DA:4368,0
DA:4370,0
DA:4371,0
DA:4372,0
DA:4373,0
DA:4375,0
DA:4376,0
DA:4377,0
DA:4378,0
DA:4379,0
DA:4380,0
DA:4382,0
DA:4383,0
DA:4384,0
DA:4385,0
DA:4387,0
DA:4388,0
DA:4390,0
DA:4391,0
DA:4392,0
DA:4394,0
DA:4395,0
DA:4396,0
DA:4397,0
DA:4398,0
DA:4401,0
DA:4402,0
DA:4403,0
DA:4404,0
DA:4405,0
DA:4406,0
DA:4408,0
DA:4411,0
DA:4413,0
DA:4414,0
DA:4415,0
DA:4416,0
DA:4417,0
DA:4418,0
DA:4420,0
DA:4421,0
DA:4423,0
DA:4425,0
DA:4426,0
DA:4427,0
DA:4428,0
DA:4429,0
DA:4430,0
DA:4432,0
DA:4433,0
DA:4435,0
DA:4436,0
DA:4438,0
DA:4441,0
DA:4442,0
DA:4443,0
DA:4445,0
DA:4446,0
DA:4448,0
DA:4449,0
DA:4450,0
DA:4451,0
DA:4452,0
DA:4453,0
DA:4454,0
DA:4456,0
DA:4459,0
DA:4460,0
DA:4461,0
DA:4462,0
DA:4464,0
DA:4466,0
DA:4467,0
DA:4468,0
DA:4469,0
DA:4471,0
DA:4472,0
DA:4473,0
DA:4475,0
DA:4476,0
DA:4477,0
DA:4478,0
DA:4479,0
DA:4480,0
DA:4481,0
DA:4482,0
DA:4483,0
DA:4484,0
DA:4488,0
DA:4491,0
DA:4492,0
DA:4493,0
DA:4495,0
DA:4496,0
DA:4497,0
DA:4498,0
DA:4500,0
DA:4502,0
DA:4503,0
DA:4504,0
DA:4505,0
DA:4511,0
DA:4513,0
DA:4515,0
DA:4516,0
DA:4517,0
DA:4518,0
DA:4519,0
DA:4520,0
DA:4521,0
DA:4522,0
DA:4523,0
DA:4524,0
DA:4525,0
DA:4526,0
DA:4527,0
DA:4529,0
DA:4530,0
DA:4532,0
DA:4533,0
DA:4535,0
DA:4536,0
DA:4538,0
DA:4539,0
DA:4541,0
DA:4542,0
DA:4548,0
DA:4549,0
DA:4550,0
DA:4551,0
DA:4554,0
DA:4555,0
DA:4557,0
DA:4558,0
DA:4560,0
DA:4561,0
DA:4562,0
DA:4564,0
DA:4565,0
DA:4566,0
DA:4568,0
DA:4569,0
DA:4570,0
DA:4571,0
DA:4572,0
DA:4573,0
DA:4574,0
DA:4575,0
DA:4576,0
DA:4578,0
DA:4579,0
DA:4580,0
DA:4581,0
DA:4582,0
DA:4583,0
DA:4584,0
DA:4586,0
DA:4588,0
DA:4589,0
DA:4590,0
DA:4591,0
DA:4593,0
DA:4594,0
DA:4595,0
DA:4596,0
DA:4597,0
DA:4598,0
DA:4600,0
DA:4601,0
DA:4602,0
DA:4603,0
DA:4605,0
DA:4606,0
DA:4607,0
DA:4608,0
DA:4610,0
DA:4611,0
DA:4612,0
DA:4614,0
DA:4615,0
DA:4616,0
DA:4617,0
DA:4618,0
DA:4621,0
DA:4622,0
DA:4623,0
DA:4624,0
DA:4625,0
DA:4626,0
DA:4628,0
DA:4631,0
DA:4633,0
DA:4634,0
DA:4635,0
DA:4636,0
DA:4637,0
DA:4638,0
DA:4640,0
DA:4641,0
DA:4643,0
DA:4645,0
DA:4646,0
DA:4647,0
DA:4648,0
DA:4649,0
DA:4650,0
DA:4652,0
DA:4653,0
DA:4655,0
DA:4656,0
DA:4658,0
DA:4661,0
DA:4662,0
DA:4663,0
DA:4665,0
DA:4666,0
DA:4668,0
DA:4673,0
DA:4674,0
DA:4676,0
DA:4677,0
DA:4678,0
DA:4679,0
DA:4680,0
DA:4682,0
DA:4684,0
DA:4685,0
DA:4686,0
DA:4687,0
DA:4689,0
DA:4690,0
DA:4691,0
DA:4693,0
DA:4694,0
DA:4695,0
DA:4696,0
DA:4697,0
DA:4698,0
DA:4699,0
DA:4701,0
DA:4702,0
DA:4704,0
DA:4707,0
DA:4708,0
DA:4709,0
DA:4711,0
DA:4712,0
DA:4713,0
DA:4715,0
DA:4716,0
DA:4718,0
DA:4719,0
DA:4720,0
DA:4721,0
DA:4737,2
DA:4772,1
DA:4785,1
DA:4787,1
DA:4788,1
DA:4790,1
DA:4791,1
DA:4792,1
DA:4793,1
DA:4794,1
DA:4795,1
DA:4796,1
DA:4797,1
DA:4798,1
DA:4799,1
DA:4800,1
DA:4801,1
DA:4803,10
DA:4804,10
DA:4806,0
DA:4807,0
DA:4809,0
DA:4810,0
DA:4812,0
DA:4813,0
DA:4815,0
DA:4816,0
DA:4822,9
DA:4823,9
DA:4824,0
DA:4825,9
DA:4828,0
DA:4829,0
DA:4831,0
DA:4832,0
DA:4834,1
DA:4835,1
DA:4836,0
DA:4838,1
DA:4839,1
DA:4840,1
DA:4842,9
DA:4843,9
DA:4844,9
DA:4845,9
DA:4846,9
DA:4847,9
DA:4848,9
DA:4849,1
DA:4850,1
DA:4852,8
DA:4853,8
DA:4854,8
DA:4855,1
DA:4856,1
DA:4857,1
DA:4858,1
DA:4860,10
DA:4862,0
DA:4863,0
DA:4864,0
DA:4865,0
DA:4867,0
DA:4868,0
DA:4869,0
DA:4870,0
DA:4871,0
DA:4872,0
DA:4874,0
DA:4875,0
DA:4876,0
DA:4877,0
DA:4879,0
DA:4880,0
DA:4881,0
DA:4882,0
DA:4884,0
DA:4885,0
DA:4886,0
DA:4888,0
DA:4889,0
DA:4890,0
DA:4891,0
DA:4892,0
DA:4895,0
DA:4896,0
DA:4897,0
DA:4898,0
DA:4899,0
DA:4900,0
DA:4901,0
DA:4903,0
DA:4904,0
DA:4907,0
DA:4909,0
DA:4910,0
DA:4911,0
DA:4912,0
DA:4913,0
DA:4914,0
DA:4916,0
DA:4917,0
DA:4919,0
DA:4921,0
DA:4922,0
DA:4923,0
DA:4924,0
DA:4925,0
DA:4926,0
DA:4928,0
DA:4929,0
DA:4931,0
DA:4932,0
DA:4934,0
DA:4937,9
DA:4938,9
DA:4939,0
DA:4941,9
DA:4942,9
DA:4944,10
DA:4950,10
DA:4952,10
DA:4954,10
DA:4956,11
DA:4957,11
DA:4958,11
DA:4959,11
DA:4960,11
DA:4962,1
DA:4964,1
DA:4965,1
DA:4966,1
DA:4967,1
DA:4969,10
DA:4970,20
DA:4971,10
DA:4972,10
DA:4974,0
DA:4975,0
DA:4976,0
DA:4977,0
DA:4978,0
DA:4979,0
DA:4980,0
DA:4982,0
DA:4983,0
DA:4985,0
DA:4988,10
DA:4989,20
DA:4990,10
DA:4991,0
DA:4993,10
DA:4994,0
DA:4995,0
DA:5000,0
DA:5001,0
DA:5002,0
DA:5003,0
DA:5009,1
DA:5010,1
DA:5012,1
DA:5013,1
DA:5015,1
DA:5016,1
DA:5017,1
DA:5018,1
DA:5020,1
DA:5021,1
DA:5022,1
DA:5023,1
DA:5024,1
DA:5026,1
DA:5027,2
DA:5028,1
DA:5029,1
DA:5030,1
DA:5031,1
DA:5032,1
DA:5033,0
DA:5034,0
DA:5036,0
DA:5038,2
DA:5039,1
DA:5040,0
DA:5041,1
DA:5042,0
DA:5044,2
DA:5045,1
DA:5046,0
DA:5048,2
DA:5051,2
DA:5053,0
DA:5055,0
DA:5056,0
DA:5057,0
DA:5058,0
DA:5059,0
DA:5060,0
DA:5061,0
DA:5063,0
DA:5064,0
DA:5065,0
DA:5066,0
DA:5067,0
DA:5068,0
DA:5069,0
DA:5070,0
DA:5071,0
DA:5072,0
DA:5073,0
DA:5076,0
DA:5078,0
DA:5080,0
DA:5083,1
DA:5086,1
DA:5087,1
DA:5088,1
DA:5089,1
DA:5091,1
DA:5093,0
DA:5094,0
DA:5095,0
DA:5096,0
DA:5097,0
DA:5100,1
DA:5101,1
DA:5102,2
DA:5103,1
DA:5104,2
DA:5107,3
LF:2735
LH:483
end_of_record
TN:
SF:/home/maxi/git/TallerServer/taller2server/libs/jsoncpp/json/json.h
FN:1227,_ZN4Json6ReaderD2Ev
FN:1377,_ZN4Json6Reader9ErrorInfoD2Ev
FNDA:54,_ZN4Json6ReaderD2Ev
FNDA:0,_ZN4Json6Reader9ErrorInfoD2Ev
FNF:2
FNH:1
DA:1227,54
DA:1377,0
LF:2
LH:1
end_of_record
SF:/home/maxi/git/TallerServer/taller2server/modules/broadcast.h
FN:12,_ZN13BroadcastLineD2Ev
FN:29,_ZN9BroadcastD2Ev
FN:32,_ZN9BroadcastC2Ev
FNDA:0,_ZN13BroadcastLineD2Ev
FNDA:0,_ZN9BroadcastD2Ev
FNDA:0,_ZN9BroadcastC2Ev
FNF:3
FNH:0
DA:12,0
DA:29,0
DA:32,0
LF:3
LH:0
end_of_record
SF:/home/maxi/git/TallerServer/taller2server/modules/conversacion.h
FN:14,_ZN4LineD2Ev
FN:34,_ZN12ConversacionD2Ev
FN:37,_ZN12ConversacionC2Ev
FNDA:10,_ZN4LineD2Ev
FNDA:12,_ZN12ConversacionD2Ev
FNDA:7,_ZN12ConversacionC2Ev
FNF:3
FNH:3
DA:14,10
DA:34,12
DA:37,7
DA:38,7
DA:39,7
LF:5
LH:5
end_of_record
SF:/home/maxi/git/TallerServer/taller2server/modules/request.h
FN:10,_ZN13RequestResultD2Ev
FN:12,_ZN13RequestResultC2Ev
FNDA:0,_ZN13RequestResultD2Ev
FNDA:0,_ZN13RequestResultC2Ev
FNF:2
FNH:0
DA:10,0
DA:12,0
LF:2
LH:0
end_of_record
SF:/home/maxi/git/TallerServer/taller2server/modules/requesthandler_installs.cpp
FN:8,_Z41__static_initialization_and_destruction_0ii
FN:10,_Z9JSONParseRKSs
FN:20,_Z18Request_POST_LoginP8DatabaseRKSsS2_S2_
FN:41,_Z16Request_GET_TestP8DatabaseRKSsS2_S2_
FN:50,_Z20Request_POST_UsuarioP8DatabaseRKSsS2_S2_
FN:70,_Z20Request_GET_UsuariosP8DatabaseRKSsS2_S2_
FN:83,_Z19Request_GET_UsuarioP8DatabaseRKSsS2_S2_
FN:97,_Z19Request_PUT_UsuarioP8DatabaseRKSsS2_S2_
FN:137,_Z25Request_POST_ConversacionP8DatabaseRKSsS2_S2_
FN:167,_Z24Request_GET_ConversacionP8DatabaseRKSsS2_S2_
FN:196,_Z21Request_GET_BroadcastP8DatabaseRKSsS2_S2_
FN:223,_Z22Request_POST_BroadcastP8DatabaseRKSsS2_S2_
FN:249,_ZN14RequestHandler15installRequestsEP8Database
FN:264,_GLOBAL__sub_I__Z9JSONParseRKSs
FNDA:54,_Z9JSONParseRKSs
FNDA:22,_Z18Request_POST_LoginP8DatabaseRKSsS2_S2_
FNDA:1,_Z16Request_GET_TestP8DatabaseRKSsS2_S2_
FNDA:25,_Z20Request_POST_UsuarioP8DatabaseRKSsS2_S2_
FNDA:2,_Z20Request_GET_UsuariosP8DatabaseRKSsS2_S2_
FNDA:3,_Z19Request_GET_UsuarioP8DatabaseRKSsS2_S2_
FNDA:3,_Z19Request_PUT_UsuarioP8DatabaseRKSsS2_S2_
FNDA:6,_Z25Request_POST_ConversacionP8DatabaseRKSsS2_S2_
FNDA:3,_Z24Request_GET_ConversacionP8DatabaseRKSsS2_S2_
FNDA:0,_Z21Request_GET_BroadcastP8DatabaseRKSsS2_S2_
FNDA:0,_Z22Request_POST_BroadcastP8DatabaseRKSsS2_S2_
FNDA:1,_ZN14RequestHandler15installRequestsEP8Database
FNDA:1,_GLOBAL__sub_I__Z9JSONParseRKSs
FNDA:1,_Z41__static_initialization_and_destruction_0ii
FNF:14
FNH:12
DA:8,1
DA:10,54
DA:11,54
DA:12,108
DA:13,54
DA:14,108
DA:20,22
DA:21,22
DA:23,44
DA:24,44
DA:25,44
DA:26,44
DA:27,22
DA:28,20
DA:29,20
DA:30,20
DA:31,20
DA:32,20
DA:34,2
DA:35,2
DA:37,44
DA:41,1
DA:45,1
DA:46,1
DA:50,25
DA:51,25
DA:52,50
DA:54,50
DA:55,25
DA:57,25
DA:58,50
DA:59,25
DA:60,20
DA:62,5
DA:63,5
DA:64,5
DA:66,50
DA:70,2
DA:71,2
DA:72,4
DA:73,2
DA:74,1
DA:75,1
DA:77,1
DA:79,4
DA:83,3
DA:84,3
DA:85,6
DA:86,6
DA:87,3
DA:88,2
DA:89,2
DA:91,1
DA:93,6
DA:97,3
DA:98,3
DA:99,6
DA:100,6
DA:102,3
DA:103,0
DA:104,0
DA:105,0
DA:107,3
DA:108,1
DA:109,1
DA:110,1
DA:112,2
DA:113,0
DA:114,0
DA:115,0
DA:117,2
DA:118,0
DA:119,0
DA:120,0
DA:123,4
DA:124,2
DA:126,2
DA:128,1
DA:129,1
DA:131,1
DA:133,2
DA:137,6
DA:138,6
DA:139,12
DA:140,6
DA:141,1
DA:142,1
DA:144,5
DA:145,5
DA:146,5
DA:147,10
DA:148,5
DA:149,0
DA:150,0
DA:151,5
DA:152,1
DA:153,1
DA:154,4
DA:155,0
DA:156,0
DA:159,4
DA:160,5
DA:162,12
DA:167,3
DA:168,3
DA:169,6
DA:170,3
DA:171,2
DA:172,2
DA:174,1
DA:175,1
DA:176,1
DA:177,1
DA:178,0
DA:179,0
DA:183,2
DA:184,2
DA:185,1
DA:187,1
DA:188,1
DA:189,1
DA:191,6
DA:196,0
DA:197,0
DA:198,0
DA:199,0
DA:200,0
DA:201,0
DA:203,0
DA:204,0
DA:205,0
DA:206,0
DA:210,0
DA:211,=====
DA:212,=====
DA:214,0
DA:216,0
DA:217,0
DA:219,0
DA:223,0
DA:224,0
DA:225,0
DA:226,0
DA:227,0
DA:228,0
DA:230,0
DA:231,0
DA:232,0
DA:233,0
DA:234,0
DA:235,0
DA:236,0
DA:237,0
DA:238,0
DA:241,0
DA:242,0
DA:244,0
DA:249,1
DA:252,1
DA:254,1
DA:255,1
DA:256,1
DA:257,1
DA:258,1
DA:259,1
DA:260,1
DA:261,1
DA:262,1
DA:263,1
DA:264,4
LF:170
LH:120
end_of_record
SF:/home/maxi/git/TallerServer/taller2server/modules/usuario.h
FN:10,_ZN7UsuarioD2Ev
FN:13,_ZN7UsuarioC2Ev
FNDA:116,_ZN7UsuarioD2Ev
FNDA:74,_ZN7UsuarioC2Ev
FNF:2
FNH:2
DA:10,116
DA:13,74
LF:2
LH:2
end_of_record
TN:
SF:/home/maxi/git/TallerServer/taller2server/modules/request.h
FN:10,_ZN13RequestResultaSEOS_
FN:10,_ZN13RequestResultD2Ev
FN:12,_ZN13RequestResultC2Ev
FNDA:64,_ZN13RequestResultaSEOS_
FNDA:128,_ZN13RequestResultD2Ev
FNDA:129,_ZN13RequestResultC2Ev
FNF:3
FNH:3
DA:10,192
DA:12,129
LF:2
LH:2
end_of_record
SF:/home/maxi/git/TallerServer/taller2server/modules/requesthandler.cpp
FN:16,_Z41__static_initialization_and_destruction_0ii
FN:18,_ZN14RequestHandlerC2Ev
FN:28,_ZN14RequestHandlerD2Ev
FN:38,_ZL8mg_servePv
FN:43,_ZN14RequestHandler13serveRequestsERKSs
FN:67,_ZN14RequestHandler13web_evhandlerEP13mg_connection8mg_event
FN:85,_ZN14RequestHandler5serveEP13mg_connectionRKSsS3_S3_S3_
FN:145,_ZN14RequestHandler7installERKSsPF13RequestResultP8DatabaseS1_S1_S1_E
FN:156,_GLOBAL__sub_I__ZN14RequestHandlerC2Ev
FNDA:1,_ZN14RequestHandlerC2Ev
FNDA:0,_ZN14RequestHandlerD2Ev
FNDA:8,_ZL8mg_servePv
FNDA:1,_ZN14RequestHandler13serveRequestsERKSs
FNDA:707,_ZN14RequestHandler13web_evhandlerEP13mg_connection8mg_event
FNDA:65,_ZN14RequestHandler5serveEP13mg_connectionRKSsS3_S3_S3_
FNDA:10,_ZN14RequestHandler7installERKSsPF13RequestResultP8DatabaseS1_S1_S1_E
FNDA:1,_GLOBAL__sub_I__ZN14RequestHandlerC2Ev
FNDA:1,_Z41__static_initialization_and_destruction_0ii
FNF:9
FNH:8
DA:16,1
DA:18,1
DA:21,1
DA:22,9
DA:23,8
DA:26,1
DA:28,0
DA:31,0
DA:32,0
DA:33,0
DA:36,0
DA:38,4562
DA:39,2285
DA:43,1
DA:46,1
DA:47,9
DA:48,8
DA:51,1
DA:52,1
DA:54,8
DA:55,7
DA:58,9
DA:59,8
DA:63,5
DA:67,707
DA:70,707
DA:73,707
DA:74,65
DA:78,65
DA:80,577
DA:85,65
DA:87,65
DA:91,65
DA:92,129
DA:97,65
DA:99,65
DA:102,65
DA:103,40
DA:106,129
DA:109,65
DA:111,0
DA:113,65
DA:114,65
DA:115,65
DA:116,65
DA:117,65
DA:118,1
DA:119,64
DA:120,22
DA:121,42
DA:122,2
DA:123,40
DA:124,25
DA:125,15
DA:126,3
DA:127,12
DA:128,3
DA:129,9
DA:130,3
DA:131,6
DA:132,6
DA:133,0
DA:134,0
DA:135,0
DA:136,0
DA:137,64
DA:138,64
DA:139,64
DA:140,64
DA:141,64
DA:145,10
DA:147,10
DA:148,10
DA:150,0
DA:151,0
DA:152,0
DA:153,0
DA:156,13
LF:78
LH:64
end_of_record
TN:
SF:/home/maxi/git/TallerServer/taller2server/libs/cereal/cereal/archives/binary.hpp
FN:51,_ZN6cereal19BinaryOutputArchiveD2Ev
FN:57,_ZN6cereal19BinaryOutputArchiveC2ERSo
FN:63,_ZN6cereal19BinaryOutputArchive10saveBinaryEPKvm
FN:86,_ZN6cereal18BinaryInputArchiveD2Ev
FN:90,_ZN6cereal18BinaryInputArchiveC2ERSi
FN:96,_ZN6cereal18BinaryInputArchive10loadBinaryEPvm
FN:114,_ZN6cereal4saveImEENSt9enable_ifIXsrSt13is_arithmeticIT_E5valueEvE4typeERNS_19BinaryOutputArchiveERKS3_
FN:122,_ZN6cereal4loadImEENSt9enable_ifIXsrSt13is_arithmeticIT_E5valueEvE4typeERNS_18BinaryInputArchiveERS3_
FN:138,_ZN6cereal9serializeINS_19BinaryOutputArchiveEmEENSt9enable_ifIXoosrNS_6traits15is_same_archiveIT_NS_18BinaryInputArchiveEEE5valuesrNS4_IS5_S1_EE5valueEvE4typeERS5_RNS_7SizeTagIT0_EE
FN:138,_ZN6cereal9serializeINS_18BinaryInputArchiveERmEENSt9enable_ifIXoosrNS_6traits15is_same_archiveIT_S1_EE5valuesrNS5_IS6_NS_19BinaryOutputArchiveEEE5valueEvE4typeERS6_RNS_7SizeTagIT0_EE
FN:145,_ZN6cereal4saveIPKcEEvRNS_19BinaryOutputArchiveERKNS_10BinaryDataIT_EE
FN:152,_ZN6cereal4loadIPcEEvRNS_18BinaryInputArchiveERNS_10BinaryDataIT_EE
FNDA:80,_ZN6cereal19BinaryOutputArchiveD2Ev
FNDA:80,_ZN6cereal19BinaryOutputArchiveC2ERSo
FNDA:1733,_ZN6cereal19BinaryOutputArchive10saveBinaryEPKvm
FNDA:64,_ZN6cereal18BinaryInputArchiveD2Ev
FNDA:64,_ZN6cereal18BinaryInputArchiveC2ERSi
FNDA:1392,_ZN6cereal18BinaryInputArchive10loadBinaryEPvm
FNDA:796,_ZN6cereal4saveImEENSt9enable_ifIXsrSt13is_arithmeticIT_E5valueEvE4typeERNS_19BinaryOutputArchiveERKS3_
FNDA:642,_ZN6cereal4loadImEENSt9enable_ifIXsrSt13is_arithmeticIT_E5valueEvE4typeERNS_18BinaryInputArchiveERS3_
FNDA:640,_ZN6cereal9serializeINS_18BinaryInputArchiveERmEENSt9enable_ifIXoosrNS_6traits15is_same_archiveIT_S1_EE5valuesrNS5_IS6_NS_19BinaryOutputArchiveEEE5valueEvE4typeERS6_RNS_7SizeTagIT0_EE
FNDA:791,_ZN6cereal9serializeINS_19BinaryOutputArchiveEmEENSt9enable_ifIXoosrNS_6traits15is_same_archiveIT_NS_18BinaryInputArchiveEEE5valuesrNS4_IS5_S1_EE5valueEvE4typeERS5_RNS_7SizeTagIT0_EE
FNDA:765,_ZN6cereal4saveIPKcEEvRNS_19BinaryOutputArchiveERKNS_10BinaryDataIT_EE
FNDA:618,_ZN6cereal4loadIPcEEvRNS_18BinaryInputArchiveERNS_10BinaryDataIT_EE
FNF:12
FNH:12
DA:51,80
DA:57,80
DA:59,80
DA:60,80
DA:63,1733
DA:65,1733
DA:67,1733
DA:68,0
DA:69,1733
DA:86,64
DA:90,64
DA:92,64
DA:93,64
DA:96,1392
DA:98,1392
DA:100,1392
DA:101,0
DA:102,1392
DA:114,796
DA:116,796
DA:117,796
DA:122,642
DA:124,642
DA:125,642
DA:138,1431
DA:140,1431
DA:141,1431
DA:145,765
DA:147,765
DA:148,765
DA:152,618
DA:154,618
DA:155,618
LF:33
LH:31
end_of_record
SF:/home/maxi/git/TallerServer/taller2server/libs/cereal/cereal/cereal.hpp
FN:80,_ZN6cereal11binary_dataIPKcEENS_10BinaryDataIT_EEOS4_m
FN:80,_ZN6cereal11binary_dataIPcEENS_10BinaryDataIT_EEOS3_m
FN:95,_ZN6cereal13make_size_tagIRmEENS_7SizeTagIT_EEOS3_
FN:95,_ZN6cereal13make_size_tagImEENS_7SizeTagIT_EEOS2_
FN:108,_ZN6cereal8prologueINS_19BinaryOutputArchiveENS_7SizeTagImEEEEvRT_RKT0_
FN:108,_ZN6cereal8prologueINS_19BinaryOutputArchiveESsEEvRT_RKT0_
FN:108,_ZN6cereal8prologueINS_19BinaryOutputArchiveESt3setISsSt4lessISsESaISsEEEEvRT_RKT0_
FN:108,_ZN6cereal8prologueINS_18BinaryInputArchiveENS_7SizeTagIRmEEEEvRT_RKT0_
FN:108,_ZN6cereal8prologueINS_18BinaryInputArchiveESt3setISsSt4lessISsESaISsEEEEvRT_RKT0_
FN:108,_ZN6cereal8prologueINS_19BinaryOutputArchiveEmEEvRT_RKT0_
FN:108,_ZN6cereal8prologueINS_18BinaryInputArchiveENS_10BinaryDataIPcEEEEvRT_RKT0_
FN:108,_ZN6cereal8prologueINS_18BinaryInputArchiveEmEEvRT_RKT0_
FN:108,_ZN6cereal8prologueINS_18BinaryInputArchiveESsEEvRT_RKT0_
FN:108,_ZN6cereal8prologueINS_19BinaryOutputArchiveENS_10BinaryDataIPKcEEEEvRT_RKT0_
FN:115,_ZN6cereal8epilogueINS_19BinaryOutputArchiveENS_10BinaryDataIPKcEEEEvRT_RKT0_
FN:115,_ZN6cereal8epilogueINS_19BinaryOutputArchiveEmEEvRT_RKT0_
FN:115,_ZN6cereal8epilogueINS_18BinaryInputArchiveENS_10BinaryDataIPcEEEEvRT_RKT0_
FN:115,_ZN6cereal8epilogueINS_18BinaryInputArchiveENS_7SizeTagIRmEEEEvRT_RKT0_
FN:115,_ZN6cereal8epilogueINS_18BinaryInputArchiveEmEEvRT_RKT0_
FN:115,_ZN6cereal8epilogueINS_19BinaryOutputArchiveESt3setISsSt4lessISsESaISsEEEEvRT_RKT0_
FN:115,_ZN6cereal8epilogueINS_19BinaryOutputArchiveENS_7SizeTagImEEEEvRT_RKT0_
FN:115,_ZN6cereal8epilogueINS_18BinaryInputArchiveESt3setISsSt4lessISsESaISsEEEEvRT_RKT0_
FN:115,_ZN6cereal8epilogueINS_18BinaryInputArchiveESsEEvRT_RKT0_
FN:115,_ZN6cereal8epilogueINS_19BinaryOutputArchiveESsEEvRT_RKT0_
FN:234,_ZN6cereal13OutputArchiveINS_19BinaryOutputArchiveELj1EED2Ev
FN:239,_ZN6cereal13OutputArchiveINS_19BinaryOutputArchiveELj1EEC2EPS1_
FN:247,_ZN6cereal13OutputArchiveINS_19BinaryOutputArchiveELj1EEclIIRKSsEEERS1_DpOT_
FN:247,_ZN6cereal13OutputArchiveINS_19BinaryOutputArchiveELj1EEclIINS_7SizeTagImEEEEERS1_DpOT_
FN:247,_ZN6cereal13OutputArchiveINS_19BinaryOutputArchiveELj1EEclIINS_10BinaryDataIPKcEEEEERS1_DpOT_
FN:247,_ZN6cereal13OutputArchiveINS_19BinaryOutputArchiveELj1EEclIIRmEEERS1_DpOT_
FN:247,_ZN6cereal13OutputArchiveINS_19BinaryOutputArchiveELj1EEclIIRSt3setISsSt4lessISsESaISsEEEEERS1_DpOT_
FN:330,_ZN6cereal13OutputArchiveINS_19BinaryOutputArchiveELj1EE7processINS_10BinaryDataIPKcEEEEvOT_
FN:330,_ZN6cereal13OutputArchiveINS_19BinaryOutputArchiveELj1EE7processIRSt3setISsSt4lessISsESaISsEEEEvOT_
FN:330,_ZN6cereal13OutputArchiveINS_19BinaryOutputArchiveELj1EE7processIRmEEvOT_
FN:330,_ZN6cereal13OutputArchiveINS_19BinaryOutputArchiveELj1EE7processINS_7SizeTagImEEEEvOT_
FN:330,_ZN6cereal13OutputArchiveINS_19BinaryOutputArchiveELj1EE7processIRKSsEEvOT_
FN:392,_ZN6cereal13OutputArchiveINS_19BinaryOutputArchiveELj1EE11processImplINS_7SizeTagImEELNS_6traits6detail6sfinaeE0EEERS1_RKT_
FN:408,_ZN6cereal13OutputArchiveINS_19BinaryOutputArchiveELj1EE11processImplImLNS_6traits6detail6sfinaeE0EEERS1_RKT_
FN:408,_ZN6cereal13OutputArchiveINS_19BinaryOutputArchiveELj1EE11processImplISsLNS_6traits6detail6sfinaeE0EEERS1_RKT_
FN:408,_ZN6cereal13OutputArchiveINS_19BinaryOutputArchiveELj1EE11processImplISt3setISsSt4lessISsESaISsEELNS_6traits6detail6sfinaeE0EEERS1_RKT_
FN:408,_ZN6cereal13OutputArchiveINS_19BinaryOutputArchiveELj1EE11processImplINS_10BinaryDataIPKcEELNS_6traits6detail6sfinaeE0EEERS1_RKT_
FN:584,_ZN6cereal12InputArchiveINS_18BinaryInputArchiveELj1EED2Ev
FN:589,_ZN6cereal12InputArchiveINS_18BinaryInputArchiveELj1EEC2EPS1_
FN:602,_ZN6cereal12InputArchiveINS_18BinaryInputArchiveELj1EEclIIRSsEEERS1_DpOT_
FN:602,_ZN6cereal12InputArchiveINS_18BinaryInputArchiveELj1EEclIINS_7SizeTagIRmEEEEERS1_DpOT_
FN:602,_ZN6cereal12InputArchiveINS_18BinaryInputArchiveELj1EEclIINS_10BinaryDataIPcEEEEERS1_DpOT_
FN:602,_ZN6cereal12InputArchiveINS_18BinaryInputArchiveELj1EEclIIRmEEERS1_DpOT_
FN:602,_ZN6cereal12InputArchiveINS_18BinaryInputArchiveELj1EEclIIRSt3setISsSt4lessISsESaISsEEEEERS1_DpOT_
FN:698,_ZN6cereal12InputArchiveINS_18BinaryInputArchiveELj1EE7processINS_7SizeTagIRmEEEEvOT_
FN:698,_ZN6cereal12InputArchiveINS_18BinaryInputArchiveELj1EE7processIRmEEvOT_
FN:698,_ZN6cereal12InputArchiveINS_18BinaryInputArchiveELj1EE7processIRSt3setISsSt4lessISsESaISsEEEEvOT_
FN:698,_ZN6cereal12InputArchiveINS_18BinaryInputArchiveELj1EE7processIRSsEEvOT_
FN:698,_ZN6cereal12InputArchiveINS_18BinaryInputArchiveELj1EE7processINS_10BinaryDataIPcEEEEvOT_
FN:760,_ZN6cereal12InputArchiveINS_18BinaryInputArchiveELj1EE11processImplINS_7SizeTagIRmEELNS_6traits6detail6sfinaeE0EEERS1_RT_
FN:776,_ZN6cereal12InputArchiveINS_18BinaryInputArchiveELj1EE11processImplINS_10BinaryDataIPcEELNS_6traits6detail6sfinaeE0EEERS1_RT_
FN:776,_ZN6cereal12InputArchiveINS_18BinaryInputArchiveELj1EE11processImplImLNS_6traits6detail6sfinaeE0EEERS1_RT_
FN:776,_ZN6cereal12InputArchiveINS_18BinaryInputArchiveELj1EE11processImplISt3setISsSt4lessISsESaISsEELNS_6traits6detail6sfinaeE0EEERS1_RT_
FN:776,_ZN6cereal12InputArchiveINS_18BinaryInputArchiveELj1EE11processImplISsLNS_6traits6detail6sfinaeE0EEERS1_RT_
FNDA:618,_ZN6cereal11binary_dataIPcEENS_10BinaryDataIT_EEOS3_m
FNDA:765,_ZN6cereal11binary_dataIPKcEENS_10BinaryDataIT_EEOS4_m
FNDA:640,_ZN6cereal13make_size_tagIRmEENS_7SizeTagIT_EEOS3_
FNDA:791,_ZN6cereal13make_size_tagImEENS_7SizeTagIT_EEOS2_
FNDA:618,_ZN6cereal8prologueINS_18BinaryInputArchiveENS_10BinaryDataIPcEEEEvRT_RKT0_
FNDA:642,_ZN6cereal8prologueINS_18BinaryInputArchiveEmEEvRT_RKT0_
FNDA:765,_ZN6cereal8prologueINS_19BinaryOutputArchiveENS_10BinaryDataIPKcEEEEvRT_RKT0_
FNDA:796,_ZN6cereal8prologueINS_19BinaryOutputArchiveEmEEvRT_RKT0_
FNDA:618,_ZN6cereal8prologueINS_18BinaryInputArchiveESsEEvRT_RKT0_
FNDA:640,_ZN6cereal8prologueINS_18BinaryInputArchiveENS_7SizeTagIRmEEEEvRT_RKT0_
FNDA:765,_ZN6cereal8prologueINS_19BinaryOutputArchiveESsEEvRT_RKT0_
FNDA:791,_ZN6cereal8prologueINS_19BinaryOutputArchiveENS_7SizeTagImEEEEvRT_RKT0_
FNDA:20,_ZN6cereal8prologueINS_18BinaryInputArchiveESt3setISsSt4lessISsESaISsEEEEvRT_RKT0_
FNDA:21,_ZN6cereal8prologueINS_19BinaryOutputArchiveESt3setISsSt4lessISsESaISsEEEEvRT_RKT0_
FNDA:618,_ZN6cereal8epilogueINS_18BinaryInputArchiveENS_10BinaryDataIPcEEEEvRT_RKT0_
FNDA:642,_ZN6cereal8epilogueINS_18BinaryInputArchiveEmEEvRT_RKT0_
FNDA:765,_ZN6cereal8epilogueINS_19BinaryOutputArchiveENS_10BinaryDataIPKcEEEEvRT_RKT0_
FNDA:796,_ZN6cereal8epilogueINS_19BinaryOutputArchiveEmEEvRT_RKT0_
FNDA:618,_ZN6cereal8epilogueINS_18BinaryInputArchiveESsEEvRT_RKT0_
FNDA:640,_ZN6cereal8epilogueINS_18BinaryInputArchiveENS_7SizeTagIRmEEEEvRT_RKT0_
FNDA:765,_ZN6cereal8epilogueINS_19BinaryOutputArchiveESsEEvRT_RKT0_
FNDA:791,_ZN6cereal8epilogueINS_19BinaryOutputArchiveENS_7SizeTagImEEEEvRT_RKT0_
FNDA:20,_ZN6cereal8epilogueINS_18BinaryInputArchiveESt3setISsSt4lessISsESaISsEEEEvRT_RKT0_
FNDA:21,_ZN6cereal8epilogueINS_19BinaryOutputArchiveESt3setISsSt4lessISsESaISsEEEEvRT_RKT0_
FNDA:80,_ZN6cereal13OutputArchiveINS_19BinaryOutputArchiveELj1EED2Ev
FNDA:80,_ZN6cereal13OutputArchiveINS_19BinaryOutputArchiveELj1EEC2EPS1_
FNDA:765,_ZN6cereal13OutputArchiveINS_19BinaryOutputArchiveELj1EEclIINS_10BinaryDataIPKcEEEEERS1_DpOT_
FNDA:791,_ZN6cereal13OutputArchiveINS_19BinaryOutputArchiveELj1EEclIIRmEEERS1_DpOT_
FNDA:220,_ZN6cereal13OutputArchiveINS_19BinaryOutputArchiveELj1EEclIIRKSsEEERS1_DpOT_
FNDA:791,_ZN6cereal13OutputArchiveINS_19BinaryOutputArchiveELj1EEclIINS_7SizeTagImEEEEERS1_DpOT_
FNDA:21,_ZN6cereal13OutputArchiveINS_19BinaryOutputArchiveELj1EEclIIRSt3setISsSt4lessISsESaISsEEEEERS1_DpOT_
FNDA:765,_ZN6cereal13OutputArchiveINS_19BinaryOutputArchiveELj1EE7processINS_10BinaryDataIPKcEEEEvOT_
FNDA:796,_ZN6cereal13OutputArchiveINS_19BinaryOutputArchiveELj1EE7processIRmEEvOT_
FNDA:220,_ZN6cereal13OutputArchiveINS_19BinaryOutputArchiveELj1EE7processIRKSsEEvOT_
FNDA:791,_ZN6cereal13OutputArchiveINS_19BinaryOutputArchiveELj1EE7processINS_7SizeTagImEEEEvOT_
FNDA:21,_ZN6cereal13OutputArchiveINS_19BinaryOutputArchiveELj1EE7processIRSt3setISsSt4lessISsESaISsEEEEvOT_
FNDA:791,_ZN6cereal13OutputArchiveINS_19BinaryOutputArchiveELj1EE11processImplINS_7SizeTagImEELNS_6traits6detail6sfinaeE0EEERS1_RKT_
FNDA:765,_ZN6cereal13OutputArchiveINS_19BinaryOutputArchiveELj1EE11processImplINS_10BinaryDataIPKcEELNS_6traits6detail6sfinaeE0EEERS1_RKT_
FNDA:796,_ZN6cereal13OutputArchiveINS_19BinaryOutputArchiveELj1EE11processImplImLNS_6traits6detail6sfinaeE0EEERS1_RKT_
[...]
FN:115,_ZN6cereal8epilogueINS_18BinaryInputArchiveENS_7SizeTagIRmEEEEvRT_RKT0_
FN:115,_ZN6cereal8epilogueINS_19BinaryOutputArchiveElEEvRT_RKT0_
FN:115,_ZN6cereal8epilogueINS_18BinaryInputArchiveESt5dequeI13BroadcastLineSaIS3_EEEEvRT_RKT0_
FN:234,_ZN6cereal13OutputArchiveINS_19BinaryOutputArchiveELj1EED2Ev
FN:239,_ZN6cereal13OutputArchiveINS_19BinaryOutputArchiveELj1EEC2EPS1_
FN:247,_ZN6cereal13OutputArchiveINS_19BinaryOutputArchiveELj1EEclIIRlRSsS5_EEERS1_DpOT_
FN:247,_ZN6cereal13OutputArchiveINS_19BinaryOutputArchiveELj1EEclIIRSt5dequeI13BroadcastLineSaIS5_EEEEERS1_DpOT_
FN:247,_ZN6cereal13OutputArchiveINS_19BinaryOutputArchiveELj1EEclIIRK9BroadcastEEERS1_DpOT_
FN:247,_ZN6cereal13OutputArchiveINS_19BinaryOutputArchiveELj1EEclIIRmEEERS1_DpOT_
FN:247,_ZN6cereal13OutputArchiveINS_19BinaryOutputArchiveELj1EEclIINS_10BinaryDataIPKcEEEEERS1_DpOT_
FN:247,_ZN6cereal13OutputArchiveINS_19BinaryOutputArchiveELj1EEclIINS_7SizeTagImEEEEERS1_DpOT_
FN:247,_ZN6cereal13OutputArchiveINS_19BinaryOutputArchiveELj1EEclIIRK13BroadcastLineEEERS1_DpOT_
FN:330,_ZN6cereal13OutputArchiveINS_19BinaryOutputArchiveELj1EE7processIRSsEEvOT_
FN:330,_ZN6cereal13OutputArchiveINS_19BinaryOutputArchiveELj1EE7processIRlEEvOT_
FN:330,_ZN6cereal13OutputArchiveINS_19BinaryOutputArchiveELj1EE7processIRmEEvOT_
FN:330,_ZN6cereal13OutputArchiveINS_19BinaryOutputArchiveELj1EE7processINS_7SizeTagImEEEEvOT_
FN:330,_ZN6cereal13OutputArchiveINS_19BinaryOutputArchiveELj1EE7processIRSt5dequeI13BroadcastLineSaIS5_EEEEvOT_
FN:330,_ZN6cereal13OutputArchiveINS_19BinaryOutputArchiveELj1EE7processIRK13BroadcastLineEEvOT_
FN:330,_ZN6cereal13OutputArchiveINS_19BinaryOutputArchiveELj1EE7processINS_10BinaryDataIPKcEEEEvOT_
FN:330,_ZN6cereal13OutputArchiveINS_19BinaryOutputArchiveELj1EE7processIRK9BroadcastEEvOT_
FN:339,_ZN6cereal13OutputArchiveINS_19BinaryOutputArchiveELj1EE7processIRlIRSsS5_EEEvOT_DpOT0_
FN:339,_ZN6cereal13OutputArchiveINS_19BinaryOutputArchiveELj1EE7processIRSsIS4_EEEvOT_DpOT0_
FN:384,_ZN6cereal13OutputArchiveINS_19BinaryOutputArchiveELj1EE11processImplI9BroadcastLNS_6traits6detail6sfinaeE0EEERS1_RKT_
FN:384,_ZN6cereal13OutputArchiveINS_19BinaryOutputArchiveELj1EE11processImplI13BroadcastLineLNS_6traits6detail6sfinaeE0EEERS1_RKT_
FN:392,_ZN6cereal13OutputArchiveINS_19BinaryOutputArchiveELj1EE11processImplINS_7SizeTagImEELNS_6traits6detail6sfinaeE0EEERS1_RKT_
FN:408,_ZN6cereal13OutputArchiveINS_19BinaryOutputArchiveELj1EE11processImplINS_10BinaryDataIPKcEELNS_6traits6detail6sfinaeE0EEERS1_RKT_
FN:408,_ZN6cereal13OutputArchiveINS_19BinaryOutputArchiveELj1EE11processImplIlLNS_6traits6detail6sfinaeE0EEERS1_RKT_
FN:408,_ZN6cereal13OutputArchiveINS_19BinaryOutputArchiveELj1EE11processImplISt5dequeI13BroadcastLineSaIS5_EELNS_6traits6detail6sfinaeE0EEERS1_RKT_
FN:408,_ZN6cereal13OutputArchiveINS_19BinaryOutputArchiveELj1EE11processImplISsLNS_6traits6detail6sfinaeE0EEERS1_RKT_
FN:408,_ZN6cereal13OutputArchiveINS_19BinaryOutputArchiveELj1EE11processImplImLNS_6traits6detail6sfinaeE0EEERS1_RKT_
FN:584,_ZN6cereal12InputArchiveINS_18BinaryInputArchiveELj1EED2Ev
FN:589,_ZN6cereal12InputArchiveINS_18BinaryInputArchiveELj1EEC2EPS1_
FN:602,_ZN6cereal12InputArchiveINS_18BinaryInputArchiveELj1EEclIINS_10BinaryDataIPcEEEEERS1_DpOT_
FN:602,_ZN6cereal12InputArchiveINS_18BinaryInputArchiveELj1EEclIIRmEEERS1_DpOT_
FN:602,_ZN6cereal12InputArchiveINS_18BinaryInputArchiveELj1EEclIIR13BroadcastLineEEERS1_DpOT_
FN:602,_ZN6cereal12InputArchiveINS_18BinaryInputArchiveELj1EEclIIRSt5dequeI13BroadcastLineSaIS5_EEEEERS1_DpOT_
FN:602,_ZN6cereal12InputArchiveINS_18BinaryInputArchiveELj1EEclIIR9BroadcastEEERS1_DpOT_
FN:602,_ZN6cereal12InputArchiveINS_18BinaryInputArchiveELj1EEclIIRlRSsS5_EEERS1_DpOT_
FN:602,_ZN6cereal12InputArchiveINS_18BinaryInputArchiveELj1EEclIINS_7SizeTagIRmEEEEERS1_DpOT_
FN:698,_ZN6cereal12InputArchiveINS_18BinaryInputArchiveELj1EE7processIRSsEEvOT_
FN:698,_ZN6cereal12InputArchiveINS_18BinaryInputArchiveELj1EE7processIRSt5dequeI13BroadcastLineSaIS5_EEEEvOT_
FN:698,_ZN6cereal12InputArchiveINS_18BinaryInputArchiveELj1EE7processIRlEEvOT_
FN:698,_ZN6cereal12InputArchiveINS_18BinaryInputArchiveELj1EE7processINS_10BinaryDataIPcEEEEvOT_
FN:698,_ZN6cereal12InputArchiveINS_18BinaryInputArchiveELj1EE7processINS_7SizeTagIRmEEEEvOT_
FN:698,_ZN6cereal12InputArchiveINS_18BinaryInputArchiveELj1EE7processIR9BroadcastEEvOT_
FN:698,_ZN6cereal12InputArchiveINS_18BinaryInputArchiveELj1EE7processIR13BroadcastLineEEvOT_
FN:698,_ZN6cereal12InputArchiveINS_18BinaryInputArchiveELj1EE7processIRmEEvOT_
FN:707,_ZN6cereal12InputArchiveINS_18BinaryInputArchiveELj1EE7processIRlIRSsS5_EEEvOT_DpOT0_
FN:707,_ZN6cereal12InputArchiveINS_18BinaryInputArchiveELj1EE7processIRSsIS4_EEEvOT_DpOT0_
FN:752,_ZN6cereal12InputArchiveINS_18BinaryInputArchiveELj1EE11processImplI9BroadcastLNS_6traits6detail6sfinaeE0EEERS1_RT_
FN:752,_ZN6cereal12InputArchiveINS_18BinaryInputArchiveELj1EE11processImplI13BroadcastLineLNS_6traits6detail6sfinaeE0EEERS1_RT_
FN:760,_ZN6cereal12InputArchiveINS_18BinaryInputArchiveELj1EE11processImplINS_7SizeTagIRmEELNS_6traits6detail6sfinaeE0EEERS1_RT_
FN:776,_ZN6cereal12InputArchiveINS_18BinaryInputArchiveELj1EE11processImplINS_10BinaryDataIPcEELNS_6traits6detail6sfinaeE0EEERS1_RT_
FN:776,_ZN6cereal12InputArchiveINS_18BinaryInputArchiveELj1EE11processImplImLNS_6traits6detail6sfinaeE0EEERS1_RT_
FN:776,_ZN6cereal12InputArchiveINS_18BinaryInputArchiveELj1EE11processImplIlLNS_6traits6detail6sfinaeE0EEERS1_RT_
FN:776,_ZN6cereal12InputArchiveINS_18BinaryInputArchiveELj1EE11processImplISsLNS_6traits6detail6sfinaeE0EEERS1_RT_
FN:776,_ZN6cereal12InputArchiveINS_18BinaryInputArchiveELj1EE11processImplISt5dequeI13BroadcastLineSaIS5_EELNS_6traits6detail6sfinaeE0EEERS1_RT_
FNDA:0,_ZN6cereal11binary_dataIPcEENS_10BinaryDataIT_EEOS3_m
FNDA:0,_ZN6cereal11binary_dataIPKcEENS_10BinaryDataIT_EEOS4_m
FNDA:0,_ZN6cereal13make_size_tagIRmEENS_7SizeTagIT_EEOS3_
FNDA:0,_ZN6cereal13make_size_tagImEENS_7SizeTagIT_EEOS2_
FNDA:0,_ZN6cereal8prologueINS_18BinaryInputArchiveENS_10BinaryDataIPcEEEEvRT_RKT0_
FNDA:0,_ZN6cereal8prologueINS_19BinaryOutputArchiveENS_10BinaryDataIPKcEEEEvRT_RKT0_
FNDA:0,_ZN6cereal8prologueINS_18BinaryInputArchiveESsEEvRT_RKT0_
FNDA:0,_ZN6cereal8prologueINS_19BinaryOutputArchiveESsEEvRT_RKT0_
FNDA:0,_ZN6cereal8prologueINS_18BinaryInputArchiveElEEvRT_RKT0_
FNDA:0,_ZN6cereal8prologueINS_19BinaryOutputArchiveElEEvRT_RKT0_
FNDA:0,_ZN6cereal8prologueINS_18BinaryInputArchiveEmEEvRT_RKT0_
FNDA:0,_ZN6cereal8prologueINS_19BinaryOutputArchiveEmEEvRT_RKT0_
FNDA:0,_ZN6cereal8prologueINS_18BinaryInputArchiveE13BroadcastLineEEvRT_RKT0_
FNDA:0,_ZN6cereal8prologueINS_18BinaryInputArchiveENS_7SizeTagIRmEEEEvRT_RKT0_
FNDA:0,_ZN6cereal8prologueINS_19BinaryOutputArchiveE13BroadcastLineEEvRT_RKT0_
FNDA:0,_ZN6cereal8prologueINS_19BinaryOutputArchiveENS_7SizeTagImEEEEvRT_RKT0_
FNDA:0,_ZN6cereal8prologueINS_18BinaryInputArchiveESt5dequeI13BroadcastLineSaIS3_EEEEvRT_RKT0_
FNDA:0,_ZN6cereal8prologueINS_19BinaryOutputArchiveESt5dequeI13BroadcastLineSaIS3_EEEEvRT_RKT0_
FNDA:0,_ZN6cereal8prologueINS_18BinaryInputArchiveE9BroadcastEEvRT_RKT0_
FNDA:0,_ZN6cereal8prologueINS_19BinaryOutputArchiveE9BroadcastEEvRT_RKT0_
FNDA:0,_ZN6cereal8epilogueINS_18BinaryInputArchiveENS_10BinaryDataIPcEEEEvRT_RKT0_
FNDA:0,_ZN6cereal8epilogueINS_19BinaryOutputArchiveENS_10BinaryDataIPKcEEEEvRT_RKT0_
FNDA:0,_ZN6cereal8epilogueINS_18BinaryInputArchiveESsEEvRT_RKT0_
FNDA:0,_ZN6cereal8epilogueINS_19BinaryOutputArchiveESsEEvRT_RKT0_
FNDA:0,_ZN6cereal8epilogueINS_18BinaryInputArchiveElEEvRT_RKT0_
FNDA:0,_ZN6cereal8epilogueINS_19BinaryOutputArchiveElEEvRT_RKT0_
FNDA:0,_ZN6cereal8epilogueINS_18BinaryInputArchiveEmEEvRT_RKT0_
FNDA:0,_ZN6cereal8epilogueINS_19BinaryOutputArchiveEmEEvRT_RKT0_
FNDA:0,_ZN6cereal8epilogueINS_18BinaryInputArchiveE13BroadcastLineEEvRT_RKT0_
FNDA:0,_ZN6cereal8epilogueINS_18BinaryInputArchiveENS_7SizeTagIRmEEEEvRT_RKT0_
FNDA:0,_ZN6cereal8epilogueINS_19BinaryOutputArchiveE13BroadcastLineEEvRT_RKT0_
FNDA:0,_ZN6cereal8epilogueINS_19BinaryOutputArchiveENS_7SizeTagImEEEEvRT_RKT0_
FNDA:0,_ZN6cereal8epilogueINS_18BinaryInputArchiveESt5dequeI13BroadcastLineSaIS3_EEEEvRT_RKT0_
FNDA:0,_ZN6cereal8epilogueINS_19BinaryOutputArchiveESt5dequeI13BroadcastLineSaIS3_EEEEvRT_RKT0_
FNDA:0,_ZN6cereal8epilogueINS_18BinaryInputArchiveE9BroadcastEEvRT_RKT0_
FNDA:0,_ZN6cereal8epilogueINS_19BinaryOutputArchiveE9BroadcastEEvRT_RKT0_
FNDA:0,_ZN6cereal13OutputArchiveINS_19BinaryOutputArchiveELj1EED2Ev
FNDA:0,_ZN6cereal13OutputArchiveINS_19BinaryOutputArchiveELj1EEC2EPS1_
FNDA:0,_ZN6cereal13OutputArchiveINS_19BinaryOutputArchiveELj1EEclIINS_10BinaryDataIPKcEEEEERS1_DpOT_
FNDA:0,_ZN6cereal13OutputArchiveINS_19BinaryOutputArchiveELj1EEclIIRlRSsS5_EEERS1_DpOT_
FNDA:0,_ZN6cereal13OutputArchiveINS_19BinaryOutputArchiveELj1EEclIIRmEEERS1_DpOT_
FNDA:0,_ZN6cereal13OutputArchiveINS_19BinaryOutputArchiveELj1EEclIIRK13BroadcastLineEEERS1_DpOT_
FNDA:0,_ZN6cereal13OutputArchiveINS_19BinaryOutputArchiveELj1EEclIINS_7SizeTagImEEEEERS1_DpOT_
FNDA:0,_ZN6cereal13OutputArchiveINS_19BinaryOutputArchiveELj1EEclIIRSt5dequeI13BroadcastLineSaIS5_EEEEERS1_DpOT_
FNDA:0,_ZN6cereal13OutputArchiveINS_19BinaryOutputArchiveELj1EEclIIRK9BroadcastEEERS1_DpOT_
FNDA:0,_ZN6cereal13OutputArchiveINS_19BinaryOutputArchiveELj1EE7processINS_10BinaryDataIPKcEEEEvOT_
FNDA:0,_ZN6cereal13OutputArchiveINS_19BinaryOutputArchiveELj1EE7processIRSsEEvOT_
FNDA:0,_ZN6cereal13OutputArchiveINS_19BinaryOutputArchiveELj1EE7processIRlEEvOT_
FNDA:0,_ZN6cereal13OutputArchiveINS_19BinaryOutputArchiveELj1EE7processIRmEEvOT_
FNDA:0,_ZN6cereal13OutputArchiveINS_19BinaryOutputArchiveELj1EE7processIRK13BroadcastLineEEvOT_
FNDA:0,_ZN6cereal13OutputArchiveINS_19BinaryOutputArchiveELj1EE7processINS_7SizeTagImEEEEvOT_
FNDA:0,_ZN6cereal13OutputArchiveINS_19BinaryOutputArchiveELj1EE7processIRSt5dequeI13BroadcastLineSaIS5_EEEEvOT_
FNDA:0,_ZN6cereal13OutputArchiveINS_19BinaryOutputArchiveELj1EE7processIRK9BroadcastEEvOT_
FNDA:0,_ZN6cereal13OutputArchiveINS_19BinaryOutputArchiveELj1EE7processIRSsIS4_EEEvOT_DpOT0_
FNDA:0,_ZN6cereal13OutputArchiveINS_19BinaryOutputArchiveELj1EE7processIRlIRSsS5_EEEvOT_DpOT0_
FNDA:0,_ZN6cereal13OutputArchiveINS_19BinaryOutputArchiveELj1EE11processImplI13BroadcastLineLNS_6traits6detail6sfinaeE0EEERS1_RKT_
FNDA:0,_ZN6cereal13OutputArchiveINS_19BinaryOutputArchiveELj1EE11processImplI9BroadcastLNS_6traits6detail6sfinaeE0EEERS1_RKT_
FNDA:0,_ZN6cereal13OutputArchiveINS_19BinaryOutputArchiveELj1EE11processImplINS_7SizeTagImEELNS_6traits6detail6sfinaeE0EEERS1_RKT_
FNDA:0,_ZN6cereal13OutputArchiveINS_19BinaryOutputArchiveELj1EE11processImplINS_10BinaryDataIPKcEELNS_6traits6detail6sfinaeE0EEERS1_RKT_
FNDA:0,_ZN6cereal13OutputArchiveINS_19BinaryOutputArchiveELj1EE11processImplISsLNS_6traits6detail6sfinaeE0EEERS1_RKT_
FNDA:0,_ZN6cereal13OutputArchiveINS_19BinaryOutputArchiveELj1EE11processImplIlLNS_6traits6detail6sfinaeE0EEERS1_RKT_
FNDA:0,_ZN6cereal13OutputArchiveINS_19BinaryOutputArchiveELj1EE11processImplImLNS_6traits6detail6sfinaeE0EEERS1_RKT_
FNDA:0,_ZN6cereal13OutputArchiveINS_19BinaryOutputArchiveELj1EE11processImplISt5dequeI13BroadcastLineSaIS5_EELNS_6traits6detail6sfinaeE0EEERS1_RKT_
FNDA:0,_ZN6cereal12InputArchiveINS_18BinaryInputArchiveELj1EED2Ev
FNDA:0,_ZN6cereal12InputArchiveINS_18BinaryInputArchiveELj1EEC2EPS1_
FNDA:0,_ZN6cereal12InputArchiveINS_18BinaryInputArchiveELj1EEclIINS_10BinaryDataIPcEEEEERS1_DpOT_
FNDA:0,_ZN6cereal12InputArchiveINS_18BinaryInputArchiveELj1EEclIIRlRSsS5_EEERS1_DpOT_
FNDA:0,_ZN6cereal12InputArchiveINS_18BinaryInputArchiveELj1EEclIIRmEEERS1_DpOT_
FNDA:0,_ZN6cereal12InputArchiveINS_18BinaryInputArchiveELj1EEclIIR13BroadcastLineEEERS1_DpOT_
FNDA:0,_ZN6cereal12InputArchiveINS_18BinaryInputArchiveELj1EEclIINS_7SizeTagIRmEEEEERS1_DpOT_
FNDA:0,_ZN6cereal12InputArchiveINS_18BinaryInputArchiveELj1EEclIIRSt5dequeI13BroadcastLineSaIS5_EEEEERS1_DpOT_
FNDA:0,_ZN6cereal12InputArchiveINS_18BinaryInputArchiveELj1EEclIIR9BroadcastEEERS1_DpOT_
FNDA:0,_ZN6cereal12InputArchiveINS_18BinaryInputArchiveELj1EE7processINS_10BinaryDataIPcEEEEvOT_
FNDA:0,_ZN6cereal12InputArchiveINS_18BinaryInputArchiveELj1EE7processIRSsEEvOT_
FNDA:0,_ZN6cereal12InputArchiveINS_18BinaryInputArchiveELj1EE7processIRlEEvOT_
FNDA:0,_ZN6cereal12InputArchiveINS_18BinaryInputArchiveELj1EE7processIRmEEvOT_
FNDA:0,_ZN6cereal12InputArchiveINS_18BinaryInputArchiveELj1EE7processIR13BroadcastLineEEvOT_
FNDA:0,_ZN6cereal12InputArchiveINS_18BinaryInputArchiveELj1EE7processINS_7SizeTagIRmEEEEvOT_
FNDA:0,_ZN6cereal12InputArchiveINS_18BinaryInputArchiveELj1EE7processIRSt5dequeI13BroadcastLineSaIS5_EEEEvOT_
FNDA:0,_ZN6cereal12InputArchiveINS_18BinaryInputArchiveELj1EE7processIR9BroadcastEEvOT_
FNDA:0,_ZN6cereal12InputArchiveINS_18BinaryInputArchiveELj1EE7processIRSsIS4_EEEvOT_DpOT0_
FNDA:0,_ZN6cereal12InputArchiveINS_18BinaryInputArchiveELj1EE7processIRlIRSsS5_EEEvOT_DpOT0_
FNDA:0,_ZN6cereal12InputArchiveINS_18BinaryInputArchiveELj1EE11processImplI13BroadcastLineLNS_6traits6detail6sfinaeE0EEERS1_RT_
FNDA:0,_ZN6cereal12InputArchiveINS_18BinaryInputArchiveELj1EE11processImplI9BroadcastLNS_6traits6detail6sfinaeE0EEERS1_RT_
FNDA:0,_ZN6cereal12InputArchiveINS_18BinaryInputArchiveELj1EE11processImplINS_7SizeTagIRmEELNS_6traits6detail6sfinaeE0EEERS1_RT_
FNDA:0,_ZN6cereal12InputArchiveINS_18BinaryInputArchiveELj1EE11processImplINS_10BinaryDataIPcEELNS_6traits6detail6sfinaeE0EEERS1_RT_
FNDA:0,_ZN6cereal12InputArchiveINS_18BinaryInputArchiveELj1EE11processImplISsLNS_6traits6detail6sfinaeE0EEERS1_RT_
FNDA:0,_ZN6cereal12InputArchiveINS_18BinaryInputArchiveELj1EE11processImplIlLNS_6traits6detail6sfinaeE0EEERS1_RT_
FNDA:0,_ZN6cereal12InputArchiveINS_18BinaryInputArchiveELj1EE11processImplImLNS_6traits6detail6sfinaeE0EEERS1_RT_
FNDA:0,_ZN6cereal12InputArchiveINS_18BinaryInputArchiveELj1EE11processImplISt5dequeI13BroadcastLineSaIS5_EELNS_6traits6detail6sfinaeE0EEERS1_RT_
FNF:90
FNH:0
DA:80,0
DA:82,0
DA:95,0
DA:97,0
DA:108,0
DA:109,0
DA:115,0
DA:116,0
DA:234,0
DA:239,0
DA:240,0
DA:247,0
DA:249,0
DA:250,0
DA:330,0
DA:332,0
DA:333,0
DA:334,0
DA:335,0
DA:339,0
DA:341,0
DA:342,0
DA:343,0
DA:384,0
DA:386,0
DA:387,0
DA:392,0
DA:394,0
DA:395,0
DA:408,0
DA:410,0
DA:411,0
DA:584,0
DA:589,0
DA:594,0
DA:595,0
DA:602,0
DA:604,0
DA:605,0
DA:698,0
DA:700,0
DA:701,0
DA:702,0
DA:703,0
DA:707,0
DA:709,0
DA:710,0
DA:711,0
DA:752,0
DA:754,0
DA:755,0
DA:760,0
DA:762,0
DA:763,0
DA:776,0
DA:778,0
DA:779,0
LF:57
LH:0
end_of_record
SF:/home/maxi/git/TallerServer/taller2server/libs/cereal/cereal/details/helpers.hpp
FN:48,_ZN6cereal9ExceptionD0Ev
FN:48,_ZN6cereal9ExceptionD2Ev
FN:50,_ZN6cereal9ExceptionC2ERKSs
FN:215,_ZN6cereal10BinaryDataIPcEC2EOS1_m
FN:215,_ZN6cereal10BinaryDataIPKcEC2EOS2_m
FN:228,_ZN6cereal6detail17OutputArchiveBaseC2Ev
FN:228,_ZN6cereal6detail17OutputArchiveBase4rttiEv
FN:229,_ZN6cereal6detail16InputArchiveBaseC2Ev
FN:229,_ZN6cereal6detail16InputArchiveBase4rttiEv
FN:262,_ZN6cereal7SizeTagIRmEC2ES1_
FN:262,_ZN6cereal7SizeTagImEC2EOm
FNDA:0,_ZN6cereal9ExceptionD0Ev
FNDA:0,_ZN6cereal9ExceptionD2Ev
FNDA:0,_ZN6cereal9ExceptionC2ERKSs
FNDA:0,_ZN6cereal10BinaryDataIPcEC2EOS1_m
FNDA:0,_ZN6cereal10BinaryDataIPKcEC2EOS2_m
FNDA:0,_ZN6cereal6detail17OutputArchiveBaseC2Ev
FNDA:0,_ZN6cereal6detail17OutputArchiveBase4rttiEv
FNDA:0,_ZN6cereal6detail16InputArchiveBaseC2Ev
FNDA:0,_ZN6cereal6detail16InputArchiveBase4rttiEv
FNDA:0,_ZN6cereal7SizeTagIRmEC2ES1_
FNDA:0,_ZN6cereal7SizeTagImEC2EOm
FNF:11
FNH:0
DA:48,0
DA:50,0
DA:215,0
DA:228,0
DA:229,0
DA:262,0
LF:6
LH:0
end_of_record
SF:/home/maxi/git/TallerServer/taller2server/libs/cereal/cereal/types/deque.hpp
FN:40,_ZN6cereal4saveINS_19BinaryOutputArchiveE13BroadcastLineSaIS2_EEEvRT_RKSt5dequeIT0_T1_E
FN:50,_ZN6cereal4loadINS_18BinaryInputArchiveE13BroadcastLineSaIS2_EEEvRT_RSt5dequeIT0_T1_E
FNDA:0,_ZN6cereal4saveINS_19BinaryOutputArchiveE13BroadcastLineSaIS2_EEEvRT_RKSt5dequeIT0_T1_E
FNDA:0,_ZN6cereal4loadINS_18BinaryInputArchiveE13BroadcastLineSaIS2_EEEvRT_RSt5dequeIT0_T1_E
FNF:2
FNH:0
DA:40,0
DA:42,0
DA:44,0
DA:45,0
DA:46,0
DA:50,0
DA:53,0
DA:55,0
DA:57,0
DA:58,0
DA:59,0
LF:11
LH:0
end_of_record
SF:/home/maxi/git/TallerServer/taller2server/libs/cereal/cereal/types/string.hpp
FN:41,_ZN6cereal4saveINS_19BinaryOutputArchiveEcSt11char_traitsIcESaIcEEENSt9enable_ifIXsrNS_6traits22is_output_serializableINS_10BinaryDataIT0_EET_EE5valueEvE4typeERSB_RKSbIS9_T1_T2_E
FN:51,_ZN6cereal4loadINS_18BinaryInputArchiveEcSt11char_traitsIcESaIcEEENSt9enable_ifIXsrNS_6traits21is_input_serializableINS_10BinaryDataIT0_EET_EE5valueEvE4typeERSB_RSbIS9_T1_T2_E
FNDA:0,_ZN6cereal4saveINS_19BinaryOutputArchiveEcSt11char_traitsIcESaIcEEENSt9enable_ifIXsrNS_6traits22is_output_serializableINS_10BinaryDataIT0_EET_EE5valueEvE4typeERSB_RKSbIS9_T1_T2_E
FNDA:0,_ZN6cereal4loadINS_18BinaryInputArchiveEcSt11char_traitsIcESaIcEEENSt9enable_ifIXsrNS_6traits21is_input_serializableINS_10BinaryDataIT0_EET_EE5valueEvE4typeERSB_RSbIS9_T1_T2_E
FNF:2
FNH:0
DA:41,0
DA:44,0
DA:45,0
DA:46,0
DA:51,0
DA:54,0
DA:55,0
DA:56,0
DA:57,0
LF:9
LH:0
end_of_record
SF:/home/maxi/git/TallerServer/taller2server/modules/broadcast.cpp
FN:13,_ZNK9Broadcast9serialStrEv
FN:25,_ZN9Broadcast11deserialStrERKSs
FN:36,_ZNK9Broadcast6asJsonEm
FN:66,_ZN9Broadcast7postearERKSsS1_
FN:78,_Z41__static_initialization_and_destruction_0ii
FN:78,_GLOBAL__sub_I__ZNK9Broadcast9serialStrEv
FNDA:0,_ZNK9Broadcast9serialStrEv
FNDA:0,_ZN9Broadcast11deserialStrERKSs
FNDA:0,_ZNK9Broadcast6asJsonEm
FNDA:0,_ZN9Broadcast7postearERKSsS1_
FNDA:1,_GLOBAL__sub_I__ZNK9Broadcast9serialStrEv
FNDA:1,_Z41__static_initialization_and_destruction_0ii
FNF:6
FNH:2
DA:13,0
DA:15,0
DA:17,0
DA:18,0
DA:20,0
DA:25,0
DA:27,0
DA:28,0
DA:30,0
DA:31,0
DA:32,0
DA:34,0
DA:36,0
DA:39,0
DA:41,0
DA:43,0
DA:44,0
DA:45,0
DA:46,0
DA:47,0
DA:48,0
DA:49,0
DA:50,0
DA:51,0
DA:52,0
DA:53,0
DA:54,0
DA:56,0
DA:58,0
DA:60,0
DA:61,0
DA:66,0
DA:68,0
DA:69,0
DA:70,0
DA:71,0
DA:73,0
DA:75,0
DA:76,0
DA:78,3
LF:40
LH:1
end_of_record
SF:/home/maxi/git/TallerServer/taller2server/modules/broadcast.h
FN:12,_ZN13BroadcastLineC2Ev
FN:12,_ZN13BroadcastLineC2ERKS_
FN:12,_ZN13BroadcastLineD2Ev
FN:16,_ZN13BroadcastLine9serializeIN6cereal18BinaryInputArchiveEEEvRT_
FN:16,_ZN13BroadcastLine9serializeIN6cereal19BinaryOutputArchiveEEEvRT_
FN:44,_ZN9Broadcast9serializeIN6cereal18BinaryInputArchiveEEEvRT_
FN:44,_ZN9Broadcast9serializeIN6cereal19BinaryOutputArchiveEEEvRT_
FNDA:0,_ZN13BroadcastLineC2ERKS_
FNDA:0,_ZN13BroadcastLineD2Ev
FNDA:0,_ZN13BroadcastLineC2Ev
FNDA:0,_ZN13BroadcastLine9serializeIN6cereal18BinaryInputArchiveEEEvRT_
FNDA:0,_ZN13BroadcastLine9serializeIN6cereal19BinaryOutputArchiveEEEvRT_
FNDA:0,_ZN9Broadcast9serializeIN6cereal18BinaryInputArchiveEEEvRT_
FNDA:0,_ZN9Broadcast9serializeIN6cereal19BinaryOutputArchiveEEEvRT_
FNF:7
FNH:0
DA:12,0
DA:16,0
DA:17,0
DA:18,0
DA:44,0
DA:45,0
DA:46,0
LF:7
LH:0
end_of_record
TN:
SF:/home/maxi/git/TallerServer/taller2server/modules/config.h
FN:25,_ZN6ConfigD2Ev
FN:37,_ZN6Config5parseEiPPc
FN:86,_ZN6Config10printUsageEv
FNDA:0,_ZN6ConfigD2Ev
FNDA:1,_ZN6Config5parseEiPPc
FNDA:0,_ZN6Config10printUsageEv
FNF:3
FNH:1
DA:25,0
DA:37,1
DA:40,1
DA:41,1
DA:42,1
DA:43,1
DA:44,1
DA:47,1
DA:50,0
DA:51,0
DA:53,0
DA:54,0
DA:56,0
DA:57,0
DA:60,0
DA:61,0
DA:63,0
DA:64,0
DA:65,0
DA:66,0
DA:67,0
DA:68,0
DA:69,0
DA:70,0
DA:71,0
DA:73,0
DA:75,0
DA:78,0
DA:79,0
DA:86,0
DA:87,0
DA:88,0
DA:89,0
DA:90,0
DA:91,0
DA:92,0
DA:93,0
DA:94,0
DA:95,0
LF:39
LH:7
end_of_record
SF:/home/maxi/git/TallerServer/taller2server/modules/server.cpp
FN:9,_Z41__static_initialization_and_destruction_0ii
FN:11,_ZN6Server4initEiPPc
FN:42,_ZN6Server3runEv
FN:51,_ZN6ServerD2Ev
FN:56,_GLOBAL__sub_I__ZN6Server4initEiPPc
FNDA:1,_ZN6Server4initEiPPc
FNDA:1,_ZN6Server3runEv
FNDA:0,_ZN6ServerD2Ev
FNDA:1,_GLOBAL__sub_I__ZN6Server4initEiPPc
FNDA:1,_Z41__static_initialization_and_destruction_0ii
FNF:5
FNH:4
DA:9,1
DA:11,1
DA:14,1
DA:15,1
DA:18,1
DA:19,0
DA:20,0
DA:24,1
DA:25,1
DA:26,1
DA:27,1
DA:30,1
DA:31,0
DA:32,0
DA:33,0
DA:34,0
DA:37,1
DA:38,1
DA:42,1
DA:44,1
DA:46,1
DA:47,1
DA:49,0
DA:51,0
DA:53,0
DA:54,0
DA:56,3
LF:27
LH:17
end_of_record
